2019-02-08 11:47:11 -Starting BootdoApplication on LAPTOP-ELP5M68R with PID 7900 (D:\workspace\bootdo\bootdo\target\classes started by Lenovo in D:\workspace\bootdo\bootdo)
2019-02-08 11:47:11 -Running with Spring Boot v2.0.3.RELEASE, Spring v5.0.7.RELEASE
2019-02-08 11:47:11 -The following profiles are active: dev
2019-02-08 11:47:11 -Refreshing org.springframework.boot.web.servlet.context.AnnotationConfigServletWebServerApplicationContext@36916eb0: startup date [Fri Feb 08 11:47:11 CST 2019]; root of context hierarchy
2019-02-08 11:47:12 -Multiple Spring Data modules found, entering strict repository configuration mode!
2019-02-08 11:47:13 -Bean 'org.springframework.transaction.annotation.ProxyTransactionManagementConfiguration' of type [org.springframework.transaction.annotation.ProxyTransactionManagementConfiguration$$EnhancerBySpringCGLIB$$b734995d] is not eligible for getting processed by all BeanPostProcessors (for example: not eligible for auto-proxying)
2019-02-08 11:47:13 -Bean 'shiroConfig' of type [com.bootdo.system.config.ShiroConfig$$EnhancerBySpringCGLIB$$a98dc804] is not eligible for getting processed by all BeanPostProcessors (for example: not eligible for auto-proxying)
2019-02-08 11:47:14 -Bean 'userRealm' of type [com.bootdo.system.shiro.UserRealm] is not eligible for getting processed by all BeanPostProcessors (for example: not eligible for auto-proxying)
2019-02-08 11:47:14 -Bean 'cacheManager2' of type [net.sf.ehcache.CacheManager] is not eligible for getting processed by all BeanPostProcessors (for example: not eligible for auto-proxying)
2019-02-08 11:47:14 -Bean 'ehCacheManager' of type [org.apache.shiro.cache.ehcache.EhCacheManager] is not eligible for getting processed by all BeanPostProcessors (for example: not eligible for auto-proxying)
2019-02-08 11:47:14 -Cache with name 'com.bootdo.system.shiro.UserRealm.authorizationCache' does not yet exist.  Creating now.
2019-02-08 11:47:14 -Added EhCache named [com.bootdo.system.shiro.UserRealm.authorizationCache]
2019-02-08 11:47:14 -Bean 'sessionDAO' of type [org.apache.shiro.session.mgt.eis.MemorySessionDAO] is not eligible for getting processed by all BeanPostProcessors (for example: not eligible for auto-proxying)
2019-02-08 11:47:14 -Bean 'sessionManager' of type [org.apache.shiro.web.session.mgt.DefaultWebSessionManager] is not eligible for getting processed by all BeanPostProcessors (for example: not eligible for auto-proxying)
2019-02-08 11:47:14 -Bean 'securityManager' of type [org.apache.shiro.web.mgt.DefaultWebSecurityManager] is not eligible for getting processed by all BeanPostProcessors (for example: not eligible for auto-proxying)
2019-02-08 11:47:14 -Bean 'authorizationAttributeSourceAdvisor' of type [org.apache.shiro.spring.security.interceptor.AuthorizationAttributeSourceAdvisor] is not eligible for getting processed by all BeanPostProcessors (for example: not eligible for auto-proxying)
2019-02-08 11:47:14 -Tomcat initialized with port(s): 80 (http)
2019-02-08 11:47:14 -Initializing ProtocolHandler ["http-nio-80"]
2019-02-08 11:47:14 -Starting service [Tomcat]
2019-02-08 11:47:14 -Starting Servlet Engine: Apache Tomcat/8.5.31
2019-02-08 11:47:14 -The APR based Apache Tomcat Native library which allows optimal performance in production environments was not found on the java.library.path: [F:\yff\jdk1.8\bin;C:\WINDOWS\Sun\Java\bin;C:\WINDOWS\system32;C:\WINDOWS;D:\app\Lenovo\product\11.2.0\dbhome_1\bin;\bin;C:\Program Files (x86)\Intel\Intel(R) Management Engine Components\iCLS\;C:\Program Files\Intel\Intel(R) Management Engine Components\iCLS\;C:\Windows\system32;C:\Windows;C:\Windows\System32\Wbem;C:\Windows\System32\WindowsPowerShell\v1.0\;C:\Program Files (x86)\Intel\Intel(R) Management Engine Components\DAL;C:\Program Files\Intel\Intel(R) Management Engine Components\DAL;C:\Program Files (x86)\Intel\Intel(R) Management Engine Components\IPT;C:\Program Files\Intel\Intel(R) Management Engine Components\IPT;C:\Program Files (x86)\NVIDIA Corporation\PhysX\Common;F:\yff\jdk1.7\BIN;D:\Program Files\apache-maven-3.6.0\BIN;D:\Program Files\matlab\v81\runtime\win64;D:\Program Files\matlab\v81\bin;C:\WINDOWS\system32;C:\WINDOWS;C:\WINDOWS\System32\Wbem;C:\WINDOWS\System32\WindowsPowerShell\v1.0\;C:\WINDOWS\System32\OpenSSH\;F:\yff\redis64;D:\Program Files\Notepad++;D:\Program Files\mysql-5.7.24-winx64\BIN;D:\Program Files\matlab\v81\bin\win64;D:\Program Files\matlab\v81\runtime\win64;D:\Program Files\svn\bin;C:\Users\Lenovo\AppData\Local\Microsoft\WindowsApps;;.]
2019-02-08 11:47:14 -Initializing Spring embedded WebApplicationContext
2019-02-08 11:47:14 -Root WebApplicationContext: initialization completed in 3661 ms
2019-02-08 11:47:15 -Mapping filter: 'characterEncodingFilter' to: [/*]
2019-02-08 11:47:15 -Mapping filter: 'hiddenHttpMethodFilter' to: [/*]
2019-02-08 11:47:15 -Mapping filter: 'httpPutFormContentFilter' to: [/*]
2019-02-08 11:47:15 -Mapping filter: 'requestContextFilter' to: [/*]
2019-02-08 11:47:15 -Filter xssFilter was not registered (disabled)
2019-02-08 11:47:15 -Mapping filter: 'webStatFilter' to urls: [/*]
2019-02-08 11:47:15 -Mapping filter: 'shiroFilterFactoryBean' to: [/*]
2019-02-08 11:47:15 -Servlet statViewServlet mapped to [/druid/*]
2019-02-08 11:47:15 -Servlet dispatcherServlet mapped to [/]
2019-02-08 11:47:15 -{dataSource-1} inited
2019-02-08 11:47:16 -ProcessEngine default created
2019-02-08 11:47:17 -ApplicationContext registed-->org.springframework.boot.web.servlet.context.AnnotationConfigServletWebServerApplicationContext@36916eb0: startup date [Fri Feb 08 11:47:11 CST 2019]; root of context hierarchy
2019-02-08 11:47:17 -Using default implementation for ThreadExecutor
2019-02-08 11:47:17 -Initialized Scheduler Signaller of type: class org.quartz.core.SchedulerSignalerImpl
2019-02-08 11:47:17 -Quartz Scheduler v.2.2.1 created.
2019-02-08 11:47:17 -RAMJobStore initialized.
2019-02-08 11:47:17 -Scheduler meta-data: Quartz Scheduler (v2.2.1) 'schedulerFactoryBean' with instanceId 'NON_CLUSTERED'
  Scheduler class: 'org.quartz.core.QuartzScheduler' - running locally.
  NOT STARTED.
  Currently in standby mode.
  Number of jobs executed: 0
  Using thread pool 'org.quartz.simpl.SimpleThreadPool' - with 10 threads.
  Using job-store 'org.quartz.simpl.RAMJobStore' - which does not support persistence. and is not clustered.

2019-02-08 11:47:17 -Quartz scheduler 'schedulerFactoryBean' initialized from an externally provided properties instance.
2019-02-08 11:47:17 -Quartz scheduler version: 2.2.1
2019-02-08 11:47:17 -JobFactory set to: com.bootdo.common.quartz.factory.JobFactory@10dfa7ef
2019-02-08 11:47:17 -Initializing ExecutorService  'clientInboundChannelExecutor'
2019-02-08 11:47:17 -Initializing ExecutorService  'clientOutboundChannelExecutor'
2019-02-08 11:47:18 -Mapped "{[/activiti/model/{id}],methods=[DELETE]}" onto public com.bootdo.common.utils.R com.bootdo.activiti.controller.ModelController.remove(java.lang.String)
2019-02-08 11:47:18 -Mapped "{[/activiti/model/list],methods=[GET]}" onto com.bootdo.common.utils.PageUtils com.bootdo.activiti.controller.ModelController.list(int,int)
2019-02-08 11:47:18 -Mapped "{[/activiti/model/batchRemove],methods=[POST]}" onto public com.bootdo.common.utils.R com.bootdo.activiti.controller.ModelController.batchRemove(java.lang.String[])
2019-02-08 11:47:18 -Mapped "{[/activiti/model],methods=[GET]}" onto org.springframework.web.servlet.ModelAndView com.bootdo.activiti.controller.ModelController.model()
2019-02-08 11:47:18 -Mapped "{[/activiti/model/add]}" onto public void com.bootdo.activiti.controller.ModelController.newModel(javax.servlet.http.HttpServletResponse) throws java.io.UnsupportedEncodingException
2019-02-08 11:47:18 -Mapped "{[/activiti/model/deploy/{id}],methods=[POST]}" onto public com.bootdo.common.utils.R com.bootdo.activiti.controller.ModelController.deploy(java.lang.String) throws java.lang.Exception
2019-02-08 11:47:18 -Mapped "{[/activiti/model/{modelId}/save],methods=[PUT]}" onto public void com.bootdo.activiti.controller.ModelController.saveModel(java.lang.String,java.lang.String,java.lang.String,java.lang.String,java.lang.String)
2019-02-08 11:47:18 -Mapped "{[/activiti/editor/stencilset],methods=[GET],produces=[application/json;charset=utf-8]}" onto public java.lang.String com.bootdo.activiti.controller.ModelController.getStencilset()
2019-02-08 11:47:18 -Mapped "{[/activiti/model/edit/{id}],methods=[GET]}" onto public void com.bootdo.activiti.controller.ModelController.edit(javax.servlet.http.HttpServletResponse,java.lang.String)
2019-02-08 11:47:18 -Mapped "{[/activiti/model/{modelId}/json],methods=[GET]}" onto public com.fasterxml.jackson.databind.node.ObjectNode com.bootdo.activiti.controller.ModelController.getEditorJson(java.lang.String)
2019-02-08 11:47:18 -Mapped "{[/activiti/model/export/{id}],methods=[GET]}" onto public void com.bootdo.activiti.controller.ModelController.exportToXml(java.lang.String,javax.servlet.http.HttpServletResponse)
2019-02-08 11:47:18 -Mapped "{[/activiti/process/add],methods=[GET]}" onto public org.springframework.web.servlet.ModelAndView com.bootdo.activiti.controller.ProcessController.add()
2019-02-08 11:47:18 -Mapped "{[/activiti/process/remove],methods=[POST]}" onto public com.bootdo.common.utils.R com.bootdo.activiti.controller.ProcessController.remove(java.lang.String)
2019-02-08 11:47:18 -Mapped "{[/activiti/process/list],methods=[GET]}" onto com.bootdo.common.utils.PageUtils com.bootdo.activiti.controller.ProcessController.list(int,int)
2019-02-08 11:47:18 -Mapped "{[/activiti/process/batchRemove],methods=[POST]}" onto public com.bootdo.common.utils.R com.bootdo.activiti.controller.ProcessController.batchRemove(java.lang.String[])
2019-02-08 11:47:18 -Mapped "{[/activiti/process],methods=[GET]}" onto org.springframework.web.servlet.ModelAndView com.bootdo.activiti.controller.ProcessController.process()
2019-02-08 11:47:18 -Mapped "{[/activiti/process/save],methods=[POST]}" onto public com.bootdo.common.utils.R com.bootdo.activiti.controller.ProcessController.deploy(java.lang.String,java.lang.String,org.springframework.web.multipart.MultipartFile)
2019-02-08 11:47:18 -Mapped "{[/activiti/process/convertToModel/{procDefId}]}" onto public com.bootdo.common.utils.R com.bootdo.activiti.controller.ProcessController.convertToModel(java.lang.String,org.springframework.web.servlet.mvc.support.RedirectAttributes) throws java.io.UnsupportedEncodingException,javax.xml.stream.XMLStreamException
2019-02-08 11:47:18 -Mapped "{[/activiti/process/resource/read/{xml}/{id}]}" onto public void com.bootdo.activiti.controller.ProcessController.resourceRead(java.lang.String,java.lang.String,javax.servlet.http.HttpServletResponse) throws java.lang.Exception
2019-02-08 11:47:18 -Mapped "{[/act/salary/form],methods=[GET]}" onto java.lang.String com.bootdo.activiti.controller.SalaryController.add()
2019-02-08 11:47:18 -Mapped "{[/act/salary/remove],methods=[POST]}" onto public com.bootdo.common.utils.R com.bootdo.activiti.controller.SalaryController.remove(java.lang.String)
2019-02-08 11:47:18 -Mapped "{[/act/salary/batchRemove],methods=[POST]}" onto public com.bootdo.common.utils.R com.bootdo.activiti.controller.SalaryController.remove(java.lang.String[])
2019-02-08 11:47:18 -Mapped "{[/act/salary/update]}" onto public com.bootdo.common.utils.R com.bootdo.activiti.controller.SalaryController.update(com.bootdo.activiti.domain.SalaryDO)
2019-02-08 11:47:18 -Mapped "{[/act/salary/list],methods=[GET]}" onto public com.bootdo.common.utils.PageUtils com.bootdo.activiti.controller.SalaryController.list(java.util.Map<java.lang.String, java.lang.Object>)
2019-02-08 11:47:18 -Mapped "{[/act/salary/form/{taskId}],methods=[GET]}" onto java.lang.String com.bootdo.activiti.controller.SalaryController.edit(java.lang.String,org.springframework.ui.Model)
2019-02-08 11:47:18 -Mapped "{[/act/salary],methods=[GET]}" onto java.lang.String com.bootdo.activiti.controller.SalaryController.Salary()
2019-02-08 11:47:18 -Mapped "{[/act/salary/save],methods=[POST]}" onto public com.bootdo.common.utils.R com.bootdo.activiti.controller.SalaryController.saveOrUpdate(com.bootdo.activiti.domain.SalaryDO)
2019-02-08 11:47:18 -Mapped "{[/activiti/task/form/{procDefId}/{taskId}],methods=[GET]}" onto public void com.bootdo.activiti.controller.TaskController.form(java.lang.String,java.lang.String,javax.servlet.http.HttpServletResponse) throws java.io.IOException
2019-02-08 11:47:18 -Mapped "{[/activiti/task/gotoList],methods=[GET]}" onto com.bootdo.common.utils.PageUtils com.bootdo.activiti.controller.TaskController.list(int,int)
2019-02-08 11:47:18 -Mapped "{[/activiti/task/trace/photo/{procDefId}/{execId}]}" onto public void com.bootdo.activiti.controller.TaskController.tracePhoto(java.lang.String,java.lang.String,javax.servlet.http.HttpServletResponse) throws java.lang.Exception
2019-02-08 11:47:18 -Mapped "{[/activiti/task/form/{procDefId}],methods=[GET]}" onto public void com.bootdo.activiti.controller.TaskController.startForm(java.lang.String,javax.servlet.http.HttpServletResponse) throws java.io.IOException
2019-02-08 11:47:18 -Mapped "{[/activiti/task/goto],methods=[GET]}" onto public org.springframework.web.servlet.ModelAndView com.bootdo.activiti.controller.TaskController.gotoTask()
2019-02-08 11:47:18 -Mapped "{[/activiti/task/todo],methods=[GET]}" onto org.springframework.web.servlet.ModelAndView com.bootdo.activiti.controller.TaskController.todo()
2019-02-08 11:47:18 -Mapped "{[/activiti/task/todoList],methods=[GET]}" onto java.util.List<com.bootdo.activiti.vo.TaskVO> com.bootdo.activiti.controller.TaskController.todoList()
2019-02-08 11:47:18 -Mapped "{[/blog/open/post/{cid}],methods=[GET]}" onto java.lang.String com.bootdo.blog.controller.BlogController.post(java.lang.Long,org.springframework.ui.Model)
2019-02-08 11:47:18 -Mapped "{[/blog/open/list],methods=[GET]}" onto public com.bootdo.common.utils.PageUtils com.bootdo.blog.controller.BlogController.opentList(java.util.Map<java.lang.String, java.lang.Object>)
2019-02-08 11:47:18 -Mapped "{[/blog/open/page/{categories}],methods=[GET]}" onto java.lang.String com.bootdo.blog.controller.BlogController.about(java.lang.String,org.springframework.ui.Model)
2019-02-08 11:47:18 -Mapped "{[/blog],methods=[GET]}" onto java.lang.String com.bootdo.blog.controller.BlogController.blog()
2019-02-08 11:47:18 -Mapped "{[/blog/bContent/add],methods=[GET]}" onto java.lang.String com.bootdo.blog.controller.ContentController.add()
2019-02-08 11:47:18 -Mapped "{[/blog/bContent/remove],methods=[POST]}" onto public com.bootdo.common.utils.R com.bootdo.blog.controller.ContentController.remove(java.lang.Long)
2019-02-08 11:47:18 -Mapped "{[/blog/bContent/batchRemove],methods=[POST]}" onto public com.bootdo.common.utils.R com.bootdo.blog.controller.ContentController.remove(java.lang.Long[])
2019-02-08 11:47:18 -Mapped "{[/blog/bContent/update]}" onto public com.bootdo.common.utils.R com.bootdo.blog.controller.ContentController.update(com.bootdo.blog.domain.ContentDO)
2019-02-08 11:47:18 -Mapped "{[/blog/bContent/list],methods=[GET]}" onto public com.bootdo.common.utils.PageUtils com.bootdo.blog.controller.ContentController.list(java.util.Map<java.lang.String, java.lang.Object>)
2019-02-08 11:47:18 -Mapped "{[/blog/bContent/save],methods=[POST]}" onto public com.bootdo.common.utils.R com.bootdo.blog.controller.ContentController.save(com.bootdo.blog.domain.ContentDO)
2019-02-08 11:47:18 -Mapped "{[/blog/bContent/edit/{cid}],methods=[GET]}" onto java.lang.String com.bootdo.blog.controller.ContentController.edit(java.lang.Long,org.springframework.ui.Model)
2019-02-08 11:47:18 -Mapped "{[/blog/bContent],methods=[GET]}" onto java.lang.String com.bootdo.blog.controller.ContentController.bContent()
2019-02-08 11:47:18 -Mapped "{[/common/dict/add],methods=[GET]}" onto java.lang.String com.bootdo.common.controller.DictController.add()
2019-02-08 11:47:18 -Mapped "{[/common/dict/remove],methods=[POST]}" onto public com.bootdo.common.utils.R com.bootdo.common.controller.DictController.remove(java.lang.Long)
2019-02-08 11:47:18 -Mapped "{[/common/dict/batchRemove],methods=[POST]}" onto public com.bootdo.common.utils.R com.bootdo.common.controller.DictController.remove(java.lang.Long[])
2019-02-08 11:47:18 -Mapped "{[/common/dict/update]}" onto public com.bootdo.common.utils.R com.bootdo.common.controller.DictController.update(com.bootdo.common.domain.DictDO)
2019-02-08 11:47:18 -Mapped "{[/common/dict/list],methods=[GET]}" onto public com.bootdo.common.utils.PageUtils com.bootdo.common.controller.DictController.list(java.util.Map<java.lang.String, java.lang.Object>)
2019-02-08 11:47:18 -Mapped "{[/common/dict/save],methods=[POST]}" onto public com.bootdo.common.utils.R com.bootdo.common.controller.DictController.save(com.bootdo.common.domain.DictDO)
2019-02-08 11:47:18 -Mapped "{[/common/dict/type],methods=[GET]}" onto public java.util.List<com.bootdo.common.domain.DictDO> com.bootdo.common.controller.DictController.listType()
2019-02-08 11:47:18 -Mapped "{[/common/dict/edit/{id}],methods=[GET]}" onto java.lang.String com.bootdo.common.controller.DictController.edit(java.lang.Long,org.springframework.ui.Model)
2019-02-08 11:47:18 -Mapped "{[/common/dict],methods=[GET]}" onto java.lang.String com.bootdo.common.controller.DictController.dict()
2019-02-08 11:47:18 -Mapped "{[/common/dict/add/{type}/{description}],methods=[GET]}" onto java.lang.String com.bootdo.common.controller.DictController.addD(org.springframework.ui.Model,java.lang.String,java.lang.String)
2019-02-08 11:47:18 -Mapped "{[/common/dict/list/{type}],methods=[GET]}" onto public java.util.List<com.bootdo.common.domain.DictDO> com.bootdo.common.controller.DictController.listByType(java.lang.String)
2019-02-08 11:47:18 -Mapped "{[/common/sysFile/add],methods=[GET]}" onto java.lang.String com.bootdo.common.controller.FileController.add()
2019-02-08 11:47:18 -Mapped "{[/common/sysFile/remove],methods=[POST]}" onto public com.bootdo.common.utils.R com.bootdo.common.controller.FileController.remove(java.lang.Long,javax.servlet.http.HttpServletRequest)
2019-02-08 11:47:18 -Mapped "{[/common/sysFile/batchRemove],methods=[POST]}" onto public com.bootdo.common.utils.R com.bootdo.common.controller.FileController.remove(java.lang.Long[])
2019-02-08 11:47:18 -Mapped "{[/common/sysFile/update]}" onto public com.bootdo.common.utils.R com.bootdo.common.controller.FileController.update(com.bootdo.common.domain.FileDO)
2019-02-08 11:47:18 -Mapped "{[/common/sysFile/list],methods=[GET]}" onto public com.bootdo.common.utils.PageUtils com.bootdo.common.controller.FileController.list(java.util.Map<java.lang.String, java.lang.Object>)
2019-02-08 11:47:18 -Mapped "{[/common/sysFile/save],methods=[POST]}" onto public com.bootdo.common.utils.R com.bootdo.common.controller.FileController.save(com.bootdo.common.domain.FileDO)
2019-02-08 11:47:18 -Mapped "{[/common/sysFile/info/{id}]}" onto public com.bootdo.common.utils.R com.bootdo.common.controller.FileController.info(java.lang.Long)
2019-02-08 11:47:18 -Mapped "{[/common/sysFile/edit],methods=[GET]}" onto java.lang.String com.bootdo.common.controller.FileController.edit(java.lang.Long,org.springframework.ui.Model)
2019-02-08 11:47:18 -Mapped "{[/common/sysFile/upload],methods=[POST]}" onto com.bootdo.common.utils.R com.bootdo.common.controller.FileController.upload(org.springframework.web.multipart.MultipartFile,javax.servlet.http.HttpServletRequest)
2019-02-08 11:47:18 -Mapped "{[/common/sysFile],methods=[GET]}" onto java.lang.String com.bootdo.common.controller.FileController.sysFile(org.springframework.ui.Model)
2019-02-08 11:47:18 -Mapped "{[/common/generator/update],methods=[POST]}" onto com.bootdo.common.utils.R com.bootdo.common.controller.GeneratorController.update(java.util.Map<java.lang.String, java.lang.Object>)
2019-02-08 11:47:18 -Mapped "{[/common/generator/list],methods=[GET]}" onto java.util.List<java.util.Map<java.lang.String, java.lang.Object>> com.bootdo.common.controller.GeneratorController.list()
2019-02-08 11:47:18 -Mapped "{[/common/generator],methods=[GET]}" onto java.lang.String com.bootdo.common.controller.GeneratorController.generator()
2019-02-08 11:47:18 -Mapped "{[/common/generator/code/{tableName}]}" onto public void com.bootdo.common.controller.GeneratorController.code(javax.servlet.http.HttpServletRequest,javax.servlet.http.HttpServletResponse,java.lang.String) throws java.io.IOException
2019-02-08 11:47:18 -Mapped "{[/common/generator/edit],methods=[GET]}" onto public java.lang.String com.bootdo.common.controller.GeneratorController.edit(org.springframework.ui.Model)
2019-02-08 11:47:18 -Mapped "{[/common/generator/batchCode]}" onto public void com.bootdo.common.controller.GeneratorController.batchCode(javax.servlet.http.HttpServletRequest,javax.servlet.http.HttpServletResponse,java.lang.String) throws java.io.IOException
2019-02-08 11:47:18 -Mapped "{[/common/job/add],methods=[GET]}" onto java.lang.String com.bootdo.common.controller.JobController.add()
2019-02-08 11:47:18 -Mapped "{[/common/job/remove],methods=[POST]}" onto public com.bootdo.common.utils.R com.bootdo.common.controller.JobController.remove(java.lang.Long)
2019-02-08 11:47:18 -Mapped "{[/common/job/batchRemove],methods=[POST]}" onto public com.bootdo.common.utils.R com.bootdo.common.controller.JobController.remove(java.lang.Long[])
2019-02-08 11:47:18 -Mapped "{[/common/job/update],methods=[POST]}" onto public com.bootdo.common.utils.R com.bootdo.common.controller.JobController.update(com.bootdo.common.domain.TaskDO)
2019-02-08 11:47:18 -Mapped "{[/common/job/list],methods=[GET]}" onto public com.bootdo.common.utils.PageUtils com.bootdo.common.controller.JobController.list(java.util.Map<java.lang.String, java.lang.Object>)
2019-02-08 11:47:18 -Mapped "{[/common/job/save],methods=[POST]}" onto public com.bootdo.common.utils.R com.bootdo.common.controller.JobController.save(com.bootdo.common.domain.TaskDO)
2019-02-08 11:47:18 -Mapped "{[/common/job/info/{id}]}" onto public com.bootdo.common.utils.R com.bootdo.common.controller.JobController.info(java.lang.Long)
2019-02-08 11:47:18 -Mapped "{[/common/job/edit/{id}],methods=[GET]}" onto java.lang.String com.bootdo.common.controller.JobController.edit(java.lang.Long,org.springframework.ui.Model)
2019-02-08 11:47:18 -Mapped "{[/common/job/changeJobStatus],methods=[POST]}" onto public com.bootdo.common.utils.R com.bootdo.common.controller.JobController.changeJobStatus(java.lang.Long,java.lang.String)
2019-02-08 11:47:18 -Mapped "{[/common/job],methods=[GET]}" onto java.lang.String com.bootdo.common.controller.JobController.taskScheduleJob()
2019-02-08 11:47:18 -Mapped "{[/common/log/remove],methods=[POST]}" onto com.bootdo.common.utils.R com.bootdo.common.controller.LogController.remove(java.lang.Long)
2019-02-08 11:47:18 -Mapped "{[/common/log],methods=[GET]}" onto java.lang.String com.bootdo.common.controller.LogController.log()
2019-02-08 11:47:18 -Mapped "{[/common/log/list],methods=[GET]}" onto com.bootdo.common.domain.PageDO<com.bootdo.common.domain.LogDO> com.bootdo.common.controller.LogController.list(java.util.Map<java.lang.String, java.lang.Object>)
2019-02-08 11:47:18 -Mapped "{[/common/log/batchRemove],methods=[POST]}" onto com.bootdo.common.utils.R com.bootdo.common.controller.LogController.batchRemove(java.lang.Long[])
2019-02-08 11:47:18 -Mapped "{[/error]}" onto public com.bootdo.common.utils.R com.bootdo.common.exception.MainsiteErrorController.handleError(javax.servlet.http.HttpServletRequest,javax.servlet.http.HttpServletResponse)
2019-02-08 11:47:18 -Mapped "{[/error],produces=[text/html]}" onto public org.springframework.web.servlet.ModelAndView com.bootdo.common.exception.MainsiteErrorController.errorHtml(javax.servlet.http.HttpServletRequest,javax.servlet.http.HttpServletResponse)
2019-02-08 11:47:18 -Mapped "{[/oa/notify/add],methods=[GET]}" onto java.lang.String com.bootdo.oa.controller.NotifyController.add()
2019-02-08 11:47:18 -Mapped "{[/oa/notify/remove],methods=[POST]}" onto public com.bootdo.common.utils.R com.bootdo.oa.controller.NotifyController.remove(java.lang.Long)
2019-02-08 11:47:18 -Mapped "{[/oa/notify/batchRemove],methods=[POST]}" onto public com.bootdo.common.utils.R com.bootdo.oa.controller.NotifyController.remove(java.lang.Long[])
2019-02-08 11:47:18 -Mapped "{[/oa/notify/update]}" onto public com.bootdo.common.utils.R com.bootdo.oa.controller.NotifyController.update(com.bootdo.oa.domain.NotifyDO)
2019-02-08 11:47:18 -Mapped "{[/oa/notify/read/{id}],methods=[GET]}" onto java.lang.String com.bootdo.oa.controller.NotifyController.read(java.lang.Long,org.springframework.ui.Model)
2019-02-08 11:47:18 -Mapped "{[/oa/notify/list],methods=[GET]}" onto public com.bootdo.common.utils.PageUtils com.bootdo.oa.controller.NotifyController.list(java.util.Map<java.lang.String, java.lang.Object>)
2019-02-08 11:47:18 -Mapped "{[/oa/notify/save],methods=[POST]}" onto public com.bootdo.common.utils.R com.bootdo.oa.controller.NotifyController.save(com.bootdo.oa.domain.NotifyDO)
2019-02-08 11:47:18 -Mapped "{[/oa/notify/message],methods=[GET]}" onto com.bootdo.common.utils.PageUtils com.bootdo.oa.controller.NotifyController.message()
2019-02-08 11:47:18 -Mapped "{[/oa/notify/edit/{id}],methods=[GET]}" onto java.lang.String com.bootdo.oa.controller.NotifyController.edit(java.lang.Long,org.springframework.ui.Model)
2019-02-08 11:47:18 -Mapped "{[/oa/notify/selfNotify],methods=[GET]}" onto java.lang.String com.bootdo.oa.controller.NotifyController.selefNotify()
2019-02-08 11:47:18 -Mapped "{[/oa/notify],methods=[GET]}" onto java.lang.String com.bootdo.oa.controller.NotifyController.oaNotify()
2019-02-08 11:47:18 -Mapped "{[/oa/notify/selfList],methods=[GET]}" onto com.bootdo.common.utils.PageUtils com.bootdo.oa.controller.NotifyController.selfList(java.util.Map<java.lang.String, java.lang.Object>)
2019-02-08 11:47:18 -Mapped "{[/system/sysDept/add/{pId}],methods=[GET]}" onto java.lang.String com.bootdo.system.controller.DeptController.add(java.lang.Long,org.springframework.ui.Model)
2019-02-08 11:47:18 -Mapped "{[/system/sysDept/remove],methods=[POST]}" onto public com.bootdo.common.utils.R com.bootdo.system.controller.DeptController.remove(java.lang.Long)
2019-02-08 11:47:18 -Mapped "{[/system/sysDept/batchRemove],methods=[POST]}" onto public com.bootdo.common.utils.R com.bootdo.system.controller.DeptController.remove(java.lang.Long[])
2019-02-08 11:47:18 -Mapped "{[/system/sysDept/update]}" onto public com.bootdo.common.utils.R com.bootdo.system.controller.DeptController.update(com.bootdo.system.domain.DeptDO)
2019-02-08 11:47:18 -Mapped "{[/system/sysDept/list],methods=[GET]}" onto public java.util.List<com.bootdo.system.domain.DeptDO> com.bootdo.system.controller.DeptController.list()
2019-02-08 11:47:18 -Mapped "{[/system/sysDept/save],methods=[POST]}" onto public com.bootdo.common.utils.R com.bootdo.system.controller.DeptController.save(com.bootdo.system.domain.DeptDO)
2019-02-08 11:47:18 -Mapped "{[/system/sysDept/tree],methods=[GET]}" onto public com.bootdo.common.domain.Tree<com.bootdo.system.domain.DeptDO> com.bootdo.system.controller.DeptController.tree()
2019-02-08 11:47:18 -Mapped "{[/system/sysDept/edit/{deptId}],methods=[GET]}" onto java.lang.String com.bootdo.system.controller.DeptController.edit(java.lang.Long,org.springframework.ui.Model)
2019-02-08 11:47:18 -Mapped "{[/system/sysDept/treeView],methods=[GET]}" onto java.lang.String com.bootdo.system.controller.DeptController.treeView()
2019-02-08 11:47:18 -Mapped "{[/system/sysDept],methods=[GET]}" onto java.lang.String com.bootdo.system.controller.DeptController.dept()
2019-02-08 11:47:18 -Mapped "{[/index],methods=[GET]}" onto java.lang.String com.bootdo.system.controller.LoginController.index(org.springframework.ui.Model)
2019-02-08 11:47:18 -Mapped "{[/main],methods=[GET]}" onto java.lang.String com.bootdo.system.controller.LoginController.main()
2019-02-08 11:47:18 -Mapped "{[/login],methods=[GET]}" onto java.lang.String com.bootdo.system.controller.LoginController.login(org.springframework.ui.Model)
2019-02-08 11:47:18 -Mapped "{[/logout],methods=[GET]}" onto java.lang.String com.bootdo.system.controller.LoginController.logout()
2019-02-08 11:47:18 -Mapped "{[/ || ],methods=[GET]}" onto java.lang.String com.bootdo.system.controller.LoginController.welcome(org.springframework.ui.Model)
2019-02-08 11:47:18 -Mapped "{[/login],methods=[POST]}" onto com.bootdo.common.utils.R com.bootdo.system.controller.LoginController.ajaxLogin(java.lang.String,java.lang.String)
2019-02-08 11:47:18 -Mapped "{[/sys/menu/add/{pId}],methods=[GET]}" onto java.lang.String com.bootdo.system.controller.MenuController.add(org.springframework.ui.Model,java.lang.Long)
2019-02-08 11:47:18 -Mapped "{[/sys/menu/remove],methods=[POST]}" onto com.bootdo.common.utils.R com.bootdo.system.controller.MenuController.remove(java.lang.Long)
2019-02-08 11:47:18 -Mapped "{[/sys/menu/update],methods=[POST]}" onto com.bootdo.common.utils.R com.bootdo.system.controller.MenuController.update(com.bootdo.system.domain.MenuDO)
2019-02-08 11:47:18 -Mapped "{[/sys/menu/list]}" onto java.util.List<com.bootdo.system.domain.MenuDO> com.bootdo.system.controller.MenuController.list(java.util.Map<java.lang.String, java.lang.Object>)
2019-02-08 11:47:18 -Mapped "{[/sys/menu/save],methods=[POST]}" onto com.bootdo.common.utils.R com.bootdo.system.controller.MenuController.save(com.bootdo.system.domain.MenuDO)
2019-02-08 11:47:18 -Mapped "{[/sys/menu/tree/{roleId}],methods=[GET]}" onto com.bootdo.common.domain.Tree<com.bootdo.system.domain.MenuDO> com.bootdo.system.controller.MenuController.tree(java.lang.Long)
2019-02-08 11:47:18 -Mapped "{[/sys/menu/tree],methods=[GET]}" onto com.bootdo.common.domain.Tree<com.bootdo.system.domain.MenuDO> com.bootdo.system.controller.MenuController.tree()
2019-02-08 11:47:18 -Mapped "{[/sys/menu],methods=[GET]}" onto java.lang.String com.bootdo.system.controller.MenuController.menu(org.springframework.ui.Model)
2019-02-08 11:47:18 -Mapped "{[/sys/menu/edit/{id}],methods=[GET]}" onto java.lang.String com.bootdo.system.controller.MenuController.edit(org.springframework.ui.Model,java.lang.Long)
2019-02-08 11:47:18 -Mapped "{[/sys/role/add],methods=[GET]}" onto java.lang.String com.bootdo.system.controller.RoleController.add()
2019-02-08 11:47:18 -Mapped "{[/sys/role/update],methods=[POST]}" onto com.bootdo.common.utils.R com.bootdo.system.controller.RoleController.update(com.bootdo.system.domain.RoleDO)
2019-02-08 11:47:18 -Mapped "{[/sys/role/list],methods=[GET]}" onto java.util.List<com.bootdo.system.domain.RoleDO> com.bootdo.system.controller.RoleController.list()
2019-02-08 11:47:18 -Mapped "{[/sys/role/remove],methods=[POST]}" onto com.bootdo.common.utils.R com.bootdo.system.controller.RoleController.save(java.lang.Long)
2019-02-08 11:47:18 -Mapped "{[/sys/role/save],methods=[POST]}" onto com.bootdo.common.utils.R com.bootdo.system.controller.RoleController.save(com.bootdo.system.domain.RoleDO)
2019-02-08 11:47:18 -Mapped "{[/sys/role/batchRemove],methods=[POST]}" onto com.bootdo.common.utils.R com.bootdo.system.controller.RoleController.batchRemove(java.lang.Long[])
2019-02-08 11:47:18 -Mapped "{[/sys/role],methods=[GET]}" onto java.lang.String com.bootdo.system.controller.RoleController.role()
2019-02-08 11:47:18 -Mapped "{[/sys/role/edit/{id}],methods=[GET]}" onto java.lang.String com.bootdo.system.controller.RoleController.edit(java.lang.Long,org.springframework.ui.Model)
2019-02-08 11:47:18 -Mapped "{[/sys/online/list]}" onto public java.util.List<com.bootdo.system.domain.UserOnline> com.bootdo.system.controller.SessionController.list()
2019-02-08 11:47:18 -Mapped "{[/sys/online/sessionList]}" onto public java.util.Collection<org.apache.shiro.session.Session> com.bootdo.system.controller.SessionController.sessionList()
2019-02-08 11:47:18 -Mapped "{[/sys/online],methods=[GET]}" onto public java.lang.String com.bootdo.system.controller.SessionController.online()
2019-02-08 11:47:18 -Mapped "{[/sys/online/forceLogout/{sessionId}]}" onto public com.bootdo.common.utils.R com.bootdo.system.controller.SessionController.forceLogout(java.lang.String,org.springframework.web.servlet.mvc.support.RedirectAttributes)
2019-02-08 11:47:18 -Mapped "{[/sys/user/exit],methods=[POST]}" onto boolean com.bootdo.system.controller.UserController.exit(java.util.Map<java.lang.String, java.lang.Object>)
2019-02-08 11:47:18 -Mapped "{[/sys/user/add],methods=[GET]}" onto java.lang.String com.bootdo.system.controller.UserController.add(org.springframework.ui.Model)
2019-02-08 11:47:18 -Mapped "{[/sys/user/remove],methods=[POST]}" onto com.bootdo.common.utils.R com.bootdo.system.controller.UserController.remove(java.lang.Long)
2019-02-08 11:47:18 -Mapped "{[/sys/user/update],methods=[POST]}" onto com.bootdo.common.utils.R com.bootdo.system.controller.UserController.update(com.bootdo.system.domain.UserDO)
2019-02-08 11:47:18 -Mapped "{[/sys/user/list],methods=[GET]}" onto com.bootdo.common.utils.PageUtils com.bootdo.system.controller.UserController.list(java.util.Map<java.lang.String, java.lang.Object>)
2019-02-08 11:47:18 -Mapped "{[/sys/user/save],methods=[POST]}" onto com.bootdo.common.utils.R com.bootdo.system.controller.UserController.save(com.bootdo.system.domain.UserDO)
2019-02-08 11:47:18 -Mapped "{[/sys/user/batchRemove],methods=[POST]}" onto com.bootdo.common.utils.R com.bootdo.system.controller.UserController.batchRemove(java.lang.Long[])
2019-02-08 11:47:18 -Mapped "{[/sys/user/tree],methods=[GET]}" onto public com.bootdo.common.domain.Tree<com.bootdo.system.domain.DeptDO> com.bootdo.system.controller.UserController.tree()
2019-02-08 11:47:18 -Mapped "{[/sys/user],methods=[GET]}" onto java.lang.String com.bootdo.system.controller.UserController.user(org.springframework.ui.Model)
2019-02-08 11:47:18 -Mapped "{[/sys/user/updatePeronal],methods=[POST]}" onto com.bootdo.common.utils.R com.bootdo.system.controller.UserController.updatePeronal(com.bootdo.system.domain.UserDO)
2019-02-08 11:47:18 -Mapped "{[/sys/user/adminResetPwd],methods=[POST]}" onto com.bootdo.common.utils.R com.bootdo.system.controller.UserController.adminResetPwd(com.bootdo.system.vo.UserVO)
2019-02-08 11:47:18 -Mapped "{[/sys/user/uploadImg],methods=[POST]}" onto com.bootdo.common.utils.R com.bootdo.system.controller.UserController.uploadImg(org.springframework.web.multipart.MultipartFile,java.lang.String,javax.servlet.http.HttpServletRequest)
2019-02-08 11:47:18 -Mapped "{[/sys/user/resetPwd],methods=[POST]}" onto com.bootdo.common.utils.R com.bootdo.system.controller.UserController.resetPwd(com.bootdo.system.vo.UserVO)
2019-02-08 11:47:18 -Mapped "{[/sys/user/resetPwd/{id}],methods=[GET]}" onto java.lang.String com.bootdo.system.controller.UserController.resetPwd(java.lang.Long,org.springframework.ui.Model)
2019-02-08 11:47:18 -Mapped "{[/sys/user/personal],methods=[GET]}" onto java.lang.String com.bootdo.system.controller.UserController.personal(org.springframework.ui.Model)
2019-02-08 11:47:18 -Mapped "{[/sys/user/edit/{id}],methods=[GET]}" onto java.lang.String com.bootdo.system.controller.UserController.edit(org.springframework.ui.Model,java.lang.Long)
2019-02-08 11:47:18 -Mapped "{[/sys/user/treeView],methods=[GET]}" onto java.lang.String com.bootdo.system.controller.UserController.treeView()
2019-02-08 11:47:18 -Mapped "{[/v2/api-docs],methods=[GET],produces=[application/json || application/hal+json]}" onto public org.springframework.http.ResponseEntity<springfox.documentation.spring.web.json.Json> springfox.documentation.swagger2.web.Swagger2Controller.getDocumentation(java.lang.String,javax.servlet.http.HttpServletRequest)
2019-02-08 11:47:18 -Mapped "{[/swagger-resources]}" onto org.springframework.http.ResponseEntity<java.util.List<springfox.documentation.swagger.web.SwaggerResource>> springfox.documentation.swagger.web.ApiResourceController.swaggerResources()
2019-02-08 11:47:18 -Mapped "{[/swagger-resources/configuration/ui]}" onto org.springframework.http.ResponseEntity<springfox.documentation.swagger.web.UiConfiguration> springfox.documentation.swagger.web.ApiResourceController.uiConfiguration()
2019-02-08 11:47:18 -Mapped "{[/swagger-resources/configuration/security]}" onto org.springframework.http.ResponseEntity<springfox.documentation.swagger.web.SecurityConfiguration> springfox.documentation.swagger.web.ApiResourceController.securityConfiguration()
2019-02-08 11:47:18 -Initializing ExecutorService  'messageBrokerTaskScheduler'
2019-02-08 11:47:18 -Mapped URL path [/endpointChat/**] onto handler of type [class org.springframework.web.socket.sockjs.support.SockJsHttpRequestHandler]
2019-02-08 11:47:18 -Initializing ExecutorService  'brokerChannelExecutor'
2019-02-08 11:47:19 -Mapped URL path [/**/favicon.ico] onto handler of type [class org.springframework.web.servlet.resource.ResourceHttpRequestHandler]
2019-02-08 11:47:19 -Looking for @ControllerAdvice: org.springframework.boot.web.servlet.context.AnnotationConfigServletWebServerApplicationContext@36916eb0: startup date [Fri Feb 08 11:47:11 CST 2019]; root of context hierarchy
2019-02-08 11:47:19 -Mapped URL path [/webjars/**] onto handler of type [class org.springframework.web.servlet.resource.ResourceHttpRequestHandler]
2019-02-08 11:47:19 -Mapped URL path [/**] onto handler of type [class org.springframework.web.servlet.resource.ResourceHttpRequestHandler]
2019-02-08 11:47:19 -Mapped URL path [/files/**] onto handler of type [class org.springframework.web.servlet.resource.ResourceHttpRequestHandler]
2019-02-08 11:47:19 -Detected @ExceptionHandler methods in BDExceptionHandler
2019-02-08 11:47:19 -[THYMELEAF][main] Template Mode 'LEGACYHTML5' is deprecated. Using Template Mode 'HTML' instead.
2019-02-08 11:47:20 -Registering beans for JMX exposure on startup
2019-02-08 11:47:20 -Bean with name 'dataSource' has been autodetected for JMX exposure
2019-02-08 11:47:20 -Located MBean 'dataSource': registering with JMX server as MBean [com.alibaba.druid.pool:name=dataSource,type=DruidDataSource]
2019-02-08 11:47:20 -Starting beans in phase 2147483647
2019-02-08 11:47:20 -Context refreshed
2019-02-08 11:47:20 -Found 1 custom documentation plugin(s)
2019-02-08 11:47:20 -Scanning for api listing references
2019-02-08 11:47:20 -Generating unique operation named: removeUsingPOST_1
2019-02-08 11:47:20 -Generating unique operation named: addUsingGET_1
2019-02-08 11:47:20 -Generating unique operation named: editUsingGET_1
2019-02-08 11:47:20 -Generating unique operation named: listUsingGET_1
2019-02-08 11:47:20 -Generating unique operation named: removeUsingPOST_2
2019-02-08 11:47:20 -Generating unique operation named: removeUsingPOST_3
2019-02-08 11:47:20 -Generating unique operation named: saveUsingPOST_1
2019-02-08 11:47:20 -Generating unique operation named: updateUsingGET_1
2019-02-08 11:47:20 -Generating unique operation named: updateUsingHEAD_1
2019-02-08 11:47:20 -Generating unique operation named: updateUsingPOST_1
2019-02-08 11:47:20 -Generating unique operation named: updateUsingPUT_1
2019-02-08 11:47:20 -Generating unique operation named: updateUsingPATCH_1
2019-02-08 11:47:20 -Generating unique operation named: updateUsingDELETE_1
2019-02-08 11:47:20 -Generating unique operation named: updateUsingOPTIONS_1
2019-02-08 11:47:20 -Generating unique operation named: updateUsingTRACE_1
2019-02-08 11:47:20 -Generating unique operation named: addUsingGET_2
2019-02-08 11:47:20 -Generating unique operation named: editUsingGET_2
2019-02-08 11:47:20 -Generating unique operation named: listUsingGET_2
2019-02-08 11:47:20 -Generating unique operation named: removeUsingPOST_4
2019-02-08 11:47:20 -Generating unique operation named: removeUsingPOST_5
2019-02-08 11:47:20 -Generating unique operation named: saveUsingPOST_2
2019-02-08 11:47:20 -Generating unique operation named: updateUsingGET_2
2019-02-08 11:47:20 -Generating unique operation named: updateUsingHEAD_2
2019-02-08 11:47:20 -Generating unique operation named: updateUsingPOST_2
2019-02-08 11:47:20 -Generating unique operation named: updateUsingPUT_2
2019-02-08 11:47:20 -Generating unique operation named: updateUsingPATCH_2
2019-02-08 11:47:20 -Generating unique operation named: updateUsingDELETE_2
2019-02-08 11:47:20 -Generating unique operation named: updateUsingOPTIONS_2
2019-02-08 11:47:20 -Generating unique operation named: updateUsingTRACE_2
2019-02-08 11:47:20 -Generating unique operation named: addUsingGET_3
2019-02-08 11:47:20 -Generating unique operation named: editUsingGET_3
2019-02-08 11:47:20 -Generating unique operation named: listUsingGET_3
2019-02-08 11:47:20 -Generating unique operation named: removeUsingPOST_6
2019-02-08 11:47:20 -Generating unique operation named: removeUsingPOST_7
2019-02-08 11:47:20 -Generating unique operation named: saveUsingPOST_3
2019-02-08 11:47:20 -Generating unique operation named: updateUsingGET_3
2019-02-08 11:47:20 -Generating unique operation named: updateUsingHEAD_3
2019-02-08 11:47:20 -Generating unique operation named: updateUsingPOST_3
2019-02-08 11:47:20 -Generating unique operation named: updateUsingPUT_3
2019-02-08 11:47:20 -Generating unique operation named: updateUsingPATCH_3
2019-02-08 11:47:20 -Generating unique operation named: updateUsingDELETE_3
2019-02-08 11:47:20 -Generating unique operation named: updateUsingOPTIONS_3
2019-02-08 11:47:20 -Generating unique operation named: updateUsingTRACE_3
2019-02-08 11:47:20 -Generating unique operation named: editUsingGET_4
2019-02-08 11:47:20 -Generating unique operation named: listUsingGET_4
2019-02-08 11:47:20 -Generating unique operation named: updateUsingPOST_4
2019-02-08 11:47:20 -Generating unique operation named: addUsingGET_4
2019-02-08 11:47:20 -Generating unique operation named: editUsingGET_5
2019-02-08 11:47:20 -Generating unique operation named: infoUsingGET_1
2019-02-08 11:47:20 -Generating unique operation named: infoUsingHEAD_1
2019-02-08 11:47:20 -Generating unique operation named: infoUsingPOST_1
2019-02-08 11:47:20 -Generating unique operation named: infoUsingPUT_1
2019-02-08 11:47:20 -Generating unique operation named: infoUsingPATCH_1
2019-02-08 11:47:20 -Generating unique operation named: infoUsingDELETE_1
2019-02-08 11:47:20 -Generating unique operation named: infoUsingOPTIONS_1
2019-02-08 11:47:20 -Generating unique operation named: infoUsingTRACE_1
2019-02-08 11:47:20 -Generating unique operation named: listUsingGET_5
2019-02-08 11:47:20 -Generating unique operation named: removeUsingPOST_8
2019-02-08 11:47:20 -Generating unique operation named: removeUsingPOST_9
2019-02-08 11:47:20 -Generating unique operation named: saveUsingPOST_4
2019-02-08 11:47:20 -Generating unique operation named: updateUsingPOST_5
2019-02-08 11:47:20 -Generating unique operation named: listUsingGET_6
2019-02-08 11:47:20 -Generating unique operation named: removeUsingPOST_10
2019-02-08 11:47:20 -Generating unique operation named: welcomeUsingGET_1
2019-02-08 11:47:20 -Generating unique operation named: addUsingGET_5
2019-02-08 11:47:20 -Generating unique operation named: editUsingGET_6
2019-02-08 11:47:20 -Generating unique operation named: listUsingGET_7
2019-02-08 11:47:20 -Generating unique operation named: removeUsingPOST_11
2019-02-08 11:47:20 -Generating unique operation named: saveUsingPOST_5
2019-02-08 11:47:20 -Generating unique operation named: treeUsingGET_1
2019-02-08 11:47:20 -Generating unique operation named: treeUsingGET_2
2019-02-08 11:47:20 -Generating unique operation named: updateUsingPOST_6
2019-02-08 11:47:20 -Generating unique operation named: batchRemoveUsingPOST_1
2019-02-08 11:47:20 -Generating unique operation named: editUsingGET_7
2019-02-08 11:47:20 -Generating unique operation named: listUsingGET_8
2019-02-08 11:47:20 -Generating unique operation named: addUsingGET_6
2019-02-08 11:47:20 -Generating unique operation named: editUsingGET_8
2019-02-08 11:47:20 -Generating unique operation named: listUsingGET_9
2019-02-08 11:47:20 -Generating unique operation named: removeUsingPOST_12
2019-02-08 11:47:20 -Generating unique operation named: removeUsingPOST_13
2019-02-08 11:47:20 -Generating unique operation named: saveUsingPOST_6
2019-02-08 11:47:21 -Generating unique operation named: updateUsingGET_4
2019-02-08 11:47:21 -Generating unique operation named: updateUsingHEAD_4
2019-02-08 11:47:21 -Generating unique operation named: updateUsingPOST_7
2019-02-08 11:47:21 -Generating unique operation named: updateUsingPUT_4
2019-02-08 11:47:21 -Generating unique operation named: updateUsingPATCH_4
2019-02-08 11:47:21 -Generating unique operation named: updateUsingDELETE_4
2019-02-08 11:47:21 -Generating unique operation named: updateUsingOPTIONS_4
2019-02-08 11:47:21 -Generating unique operation named: updateUsingTRACE_4
2019-02-08 11:47:21 -Generating unique operation named: addUsingGET_7
2019-02-08 11:47:21 -Generating unique operation named: batchRemoveUsingPOST_2
2019-02-08 11:47:21 -Generating unique operation named: deployUsingPOST_1
2019-02-08 11:47:21 -Generating unique operation named: listUsingGET_10
2019-02-08 11:47:21 -Generating unique operation named: removeUsingPOST_14
2019-02-08 11:47:21 -Generating unique operation named: addUsingGET_8
2019-02-08 11:47:21 -Generating unique operation named: batchRemoveUsingPOST_3
2019-02-08 11:47:21 -Generating unique operation named: editUsingGET_9
2019-02-08 11:47:21 -Generating unique operation named: listUsingGET_11
2019-02-08 11:47:21 -Generating unique operation named: saveUsingPOST_7
2019-02-08 11:47:21 -Generating unique operation named: saveUsingPOST_8
2019-02-08 11:47:21 -Generating unique operation named: updateUsingPOST_8
2019-02-08 11:47:21 -Generating unique operation named: addUsingGET_9
2019-02-08 11:47:21 -Generating unique operation named: editUsingGET_10
2019-02-08 11:47:21 -Generating unique operation named: listUsingGET_12
2019-02-08 11:47:21 -Generating unique operation named: removeUsingPOST_15
2019-02-08 11:47:21 -Generating unique operation named: removeUsingPOST_16
2019-02-08 11:47:21 -Generating unique operation named: updateUsingGET_5
2019-02-08 11:47:21 -Generating unique operation named: updateUsingHEAD_5
2019-02-08 11:47:21 -Generating unique operation named: updateUsingPOST_9
2019-02-08 11:47:21 -Generating unique operation named: updateUsingPUT_5
2019-02-08 11:47:21 -Generating unique operation named: updateUsingPATCH_5
2019-02-08 11:47:21 -Generating unique operation named: updateUsingDELETE_5
2019-02-08 11:47:21 -Generating unique operation named: updateUsingOPTIONS_5
2019-02-08 11:47:21 -Generating unique operation named: updateUsingTRACE_5
2019-02-08 11:47:21 -Generating unique operation named: listUsingGET_13
2019-02-08 11:47:21 -Generating unique operation named: listUsingHEAD_1
2019-02-08 11:47:21 -Generating unique operation named: listUsingPOST_1
2019-02-08 11:47:21 -Generating unique operation named: listUsingPUT_1
2019-02-08 11:47:21 -Generating unique operation named: listUsingPATCH_1
2019-02-08 11:47:21 -Generating unique operation named: listUsingDELETE_1
2019-02-08 11:47:21 -Generating unique operation named: listUsingOPTIONS_1
2019-02-08 11:47:21 -Generating unique operation named: listUsingTRACE_1
2019-02-08 11:47:21 -Generating unique operation named: listUsingGET_14
2019-02-08 11:47:21 -Generating unique operation named: addUsingGET_10
2019-02-08 11:47:21 -Generating unique operation named: batchRemoveUsingPOST_4
2019-02-08 11:47:21 -Generating unique operation named: editUsingGET_11
2019-02-08 11:47:21 -Generating unique operation named: listUsingGET_15
2019-02-08 11:47:21 -Generating unique operation named: removeUsingPOST_17
2019-02-08 11:47:21 -Generating unique operation named: saveUsingPOST_9
2019-02-08 11:47:21 -Generating unique operation named: treeUsingGET_3
2019-02-08 11:47:21 -Generating unique operation named: treeViewUsingGET_1
2019-02-08 11:47:21 -Generating unique operation named: updateUsingPOST_10
2019-02-08 11:47:21 -Starting Quartz Scheduler now
2019-02-08 11:47:21 -Scheduler schedulerFactoryBean_$_NON_CLUSTERED started.
2019-02-08 11:47:21 -Starting...
2019-02-08 11:47:21 -BrokerAvailabilityEvent[available=true, SimpleBrokerMessageHandler [DefaultSubscriptionRegistry[cache[0 destination(s)], registry[0 sessions]]]]
2019-02-08 11:47:21 -Started.
2019-02-08 11:47:21 -Starting ProtocolHandler ["http-nio-80"]
2019-02-08 11:47:21 -Using a shared selector for servlet write/read
2019-02-08 11:47:21 -Tomcat started on port(s): 80 (http) with context path ''
2019-02-08 11:47:21 -Started BootdoApplication in 10.551 seconds (JVM running for 12.409)
2019-02-08 11:47:21 -==>  Preparing: select `id`,`cron_expression`,`method_name`,`is_concurrent`,`description`,`update_by`,`bean_class`,`create_date`,`job_status`,`job_group`,`update_date`,`create_by`,`spring_bean`,`job_name` from sys_task order by id desc 
2019-02-08 11:47:21 -==> Parameters: 
2019-02-08 11:47:21 -<==      Total: 1
2019-02-08 11:48:18 -WebSocketSession[0 current WS(0)-HttpStream(0)-HttpPoll(0), 0 total, 0 closed abnormally (0 connect failure, 0 send limit, 0 transport error)], stompSubProtocol[processed CONNECT(0)-CONNECTED(0)-DISCONNECT(0)], stompBrokerRelay[null], inboundChannel[pool size = 0, active threads = 0, queued tasks = 0, completed tasks = 0], outboundChannelpool size = 0, active threads = 0, queued tasks = 0, completed tasks = 0], sockJsScheduler[pool size = 1, active threads = 1, queued tasks = 0, completed tasks = 0]
2019-02-08 12:18:18 -WebSocketSession[0 current WS(0)-HttpStream(0)-HttpPoll(0), 0 total, 0 closed abnormally (0 connect failure, 0 send limit, 0 transport error)], stompSubProtocol[processed CONNECT(0)-CONNECTED(0)-DISCONNECT(0)], stompBrokerRelay[null], inboundChannel[pool size = 0, active threads = 0, queued tasks = 0, completed tasks = 0], outboundChannelpool size = 0, active threads = 0, queued tasks = 0, completed tasks = 0], sockJsScheduler[pool size = 2, active threads = 1, queued tasks = 0, completed tasks = 1]
2019-02-08 12:19:19 -Initializing Spring FrameworkServlet 'dispatcherServlet'
2019-02-08 12:19:19 -FrameworkServlet 'dispatcherServlet': initialization started
2019-02-08 12:19:19 -FrameworkServlet 'dispatcherServlet': initialization completed in 31 ms
2019-02-08 12:19:19 -Enabling session validation scheduler...
2019-02-08 12:19:19 - : http://localhost/blog
2019-02-08 12:19:19 -HTTP METHOD : GET
2019-02-08 12:19:19 -CLASS_METHOD : com.bootdo.blog.controller.BlogController.blog
2019-02-08 12:19:19 - : []
2019-02-08 12:19:19 - : 0
2019-02-08 12:19:19 - : blog/index/main
2019-02-08 12:19:20 - : http://localhost/blog/open/list
2019-02-08 12:19:20 -HTTP METHOD : GET
2019-02-08 12:19:20 -CLASS_METHOD : com.bootdo.blog.controller.BlogController.opentList
2019-02-08 12:19:20 - : [{type=article, limit=10, offset=0}]
2019-02-08 12:19:20 -==>  Preparing: select `cid`,`title`,`slug`,`created`,`modified`,`content`,`type`,`tags`,`categories`,`hits`,`comments_num`,`allow_comment`,`allow_ping`,`allow_feed`,`status`,`author`,`gtm_create`,`gtm_modified` from blog_content WHERE type = ? order by cid desc limit 0, 10 
2019-02-08 12:19:20 -==> Parameters: article(String)
2019-02-08 12:19:20 -<==      Total: 10
2019-02-08 12:19:20 -==>  Preparing: select count(*) from blog_content WHERE type = ? 
2019-02-08 12:19:20 -==> Parameters: article(String)
2019-02-08 12:19:20 -<==      Total: 1
2019-02-08 12:19:20 - : 187
2019-02-08 12:19:20 - : com.bootdo.common.utils.PageUtils@6ac6892f
2019-02-08 12:20:10 - : http://localhost/blog/open/post/119
2019-02-08 12:20:10 -HTTP METHOD : GET
2019-02-08 12:20:10 -CLASS_METHOD : com.bootdo.blog.controller.BlogController.post
2019-02-08 12:20:10 - : [119, {}]
2019-02-08 12:20:10 -==>  Preparing: select `cid`,`title`,`slug`,`created`,`modified`,`content`,`type`,`tags`,`categories`,`hits`,`comments_num`,`allow_comment`,`allow_ping`,`allow_feed`,`status`,`author`,`gtm_create`,`gtm_modified` from blog_content where cid = ? 
2019-02-08 12:20:10 -==> Parameters: 119(Long)
2019-02-08 12:20:10 -<==      Total: 1
2019-02-08 12:20:10 - : 0
2019-02-08 12:20:10 - : blog/index/post
2019-02-08 12:22:19 - : http://localhost/
2019-02-08 12:22:19 -HTTP METHOD : GET
2019-02-08 12:22:19 -CLASS_METHOD : com.bootdo.system.controller.LoginController.welcome
2019-02-08 12:22:19 - : [{}]
2019-02-08 12:22:19 - : 0
2019-02-08 12:22:19 - : redirect:/blog
2019-02-08 12:22:19 - : http://localhost/blog
2019-02-08 12:22:19 -HTTP METHOD : GET
2019-02-08 12:22:19 -CLASS_METHOD : com.bootdo.blog.controller.BlogController.blog
2019-02-08 12:22:19 - : []
2019-02-08 12:22:19 - : 0
2019-02-08 12:22:19 - : blog/index/main
2019-02-08 12:22:19 - : http://localhost/blog/open/list
2019-02-08 12:22:19 -HTTP METHOD : GET
2019-02-08 12:22:19 -CLASS_METHOD : com.bootdo.blog.controller.BlogController.opentList
2019-02-08 12:22:19 - : [{type=article, limit=10, offset=0}]
2019-02-08 12:22:19 -==>  Preparing: select `cid`,`title`,`slug`,`created`,`modified`,`content`,`type`,`tags`,`categories`,`hits`,`comments_num`,`allow_comment`,`allow_ping`,`allow_feed`,`status`,`author`,`gtm_create`,`gtm_modified` from blog_content WHERE type = ? order by cid desc limit 0, 10 
2019-02-08 12:22:19 -==> Parameters: article(String)
2019-02-08 12:22:19 -<==      Total: 10
2019-02-08 12:22:19 -==>  Preparing: select count(*) from blog_content WHERE type = ? 
2019-02-08 12:22:19 -==> Parameters: article(String)
2019-02-08 12:22:19 -<==      Total: 1
2019-02-08 12:22:19 - : 16
2019-02-08 12:22:19 - : com.bootdo.common.utils.PageUtils@4bcafbb0
2019-02-08 12:22:29 - : http://localhost/login
2019-02-08 12:22:29 -HTTP METHOD : GET
2019-02-08 12:22:29 -CLASS_METHOD : com.bootdo.system.controller.LoginController.login
2019-02-08 12:22:29 - : [{}]
2019-02-08 12:22:29 - : 0
2019-02-08 12:22:29 - : login
2019-02-08 12:22:30 - : http://localhost/login
2019-02-08 12:22:30 -HTTP METHOD : POST
2019-02-08 12:22:30 -CLASS_METHOD : com.bootdo.system.controller.LoginController.ajaxLogin
2019-02-08 12:22:30 - : [admin, 111111]
2019-02-08 12:22:30 -==>  Preparing: select `user_id`,`username`,`name`,`password`,`dept_id`,`email`,`mobile`,`status`,`user_id_create`,`gmt_create`,`gmt_modified`,`sex`,`birth`,`pic_id`,`live_address`,`hobby`,`province`,`city`,`district` from sys_user WHERE username = ? order by user_id desc 
2019-02-08 12:22:30 -==> Parameters: admin(String)
2019-02-08 12:22:30 -<==      Total: 1
2019-02-08 12:22:30 - : 31
2019-02-08 12:22:30 - : {msg=, code=0}
2019-02-08 12:22:31 -More than one TaskExecutor bean found within the context, and none is named 'taskExecutor'. Mark one of them as primary or name it 'taskExecutor' (possibly as an alias) in order to use it for async processing: [clientInboundChannelExecutor, clientOutboundChannelExecutor, brokerChannelExecutor, messageBrokerTaskScheduler]
2019-02-08 12:22:31 -==>  Preparing: insert into sys_log ( `user_id`, `username`, `operation`, `time`, `method`, `params`, `ip`, `gmt_create` ) values ( ?, ?, ?, ?, ?, ?, ?, ? ) 
2019-02-08 12:22:31 -==> Parameters: 1(Long), admin(String), (String), 31(Integer), com.bootdo.system.controller.LoginController.ajaxLogin()(String), null, 127.0.0.1(String), 2019-02-08 12:22:31.003(Timestamp)
2019-02-08 12:22:31 - : http://localhost/index
2019-02-08 12:22:31 -HTTP METHOD : GET
2019-02-08 12:22:31 -CLASS_METHOD : com.bootdo.system.controller.LoginController.index
2019-02-08 12:22:31 - : [{}]
2019-02-08 12:22:31 -==>  Preparing: select distinct m.menu_id , parent_id, name, url, perms,`type`,icon,order_num,gmt_create, gmt_modified from sys_menu m left join sys_role_menu rm on m.menu_id = rm.menu_id left join sys_user_role ur on rm.role_id =ur.role_id where ur.user_id = ? and m.type in(0,1) order by m.order_num 
2019-02-08 12:22:31 -==> Parameters: 1(Long)
2019-02-08 12:22:31 -<==    Updates: 1
2019-02-08 12:22:31 -<==      Total: 28
2019-02-08 12:22:31 -==>  Preparing: select `id`,`type`,`url`,`create_date` from sys_file where id = ? 
2019-02-08 12:22:31 -==> Parameters: 138(Long)
2019-02-08 12:22:31 -<==      Total: 1
2019-02-08 12:22:31 - : 110
2019-02-08 12:22:31 - : index_v1
2019-02-08 12:22:31 -==>  Preparing: insert into sys_log ( `user_id`, `username`, `operation`, `time`, `method`, `params`, `ip`, `gmt_create` ) values ( ?, ?, ?, ?, ?, ?, ?, ? ) 
2019-02-08 12:22:31 -==> Parameters: 1(Long), admin(String), (String), 110(Integer), com.bootdo.system.controller.LoginController.index()(String), null, 127.0.0.1(String), 2019-02-08 12:22:31.159(Timestamp)
2019-02-08 12:22:31 -<==    Updates: 1
2019-02-08 12:22:31 - : http://localhost/main
2019-02-08 12:22:31 -HTTP METHOD : GET
2019-02-08 12:22:31 -CLASS_METHOD : com.bootdo.system.controller.LoginController.main
2019-02-08 12:22:31 - : []
2019-02-08 12:22:31 - : 0
2019-02-08 12:22:31 - : main
2019-02-08 12:22:31 - : http://localhost/oa/notify/message
2019-02-08 12:22:31 -HTTP METHOD : GET
2019-02-08 12:22:31 -CLASS_METHOD : com.bootdo.oa.controller.NotifyController.message
2019-02-08 12:22:31 - : []
2019-02-08 12:22:31 -==>  Preparing: select DISTINCT n.id ,`type`,`title`,`content`,`files`,r.is_read,`status`,`create_by`,`create_date`,`update_by`,`update_date`,`remarks`,`del_flag` from oa_notify_record r right JOIN oa_notify n on r.notify_id = n.id WHERE r.is_read = ? and r.user_id = ? order by is_read ASC, update_date DESC limit ?, ? 
2019-02-08 12:22:31 -==> Parameters: 0(String), 1(Long), 0(Integer), 3(Integer)
2019-02-08 12:22:31 - : http://localhost/main
2019-02-08 12:22:31 -HTTP METHOD : GET
2019-02-08 12:22:31 -CLASS_METHOD : com.bootdo.system.controller.LoginController.main
2019-02-08 12:22:31 - : []
2019-02-08 12:22:31 - : 1
2019-02-08 12:22:31 - : main
2019-02-08 12:22:31 -<==      Total: 0
2019-02-08 12:22:31 -==>  Preparing: select count(*) from oa_notify_record r right JOIN oa_notify n on r.notify_id = n.id where r.user_id =? and r.is_read = ? 
2019-02-08 12:22:31 -==> Parameters: 1(Long), 0(String)
2019-02-08 12:22:31 -<==      Total: 1
2019-02-08 12:22:31 - : 86
2019-02-08 12:22:31 - : com.bootdo.common.utils.PageUtils@31232d5b
2019-02-08 12:22:59 - : http://localhost/main
2019-02-08 12:22:59 -HTTP METHOD : GET
2019-02-08 12:22:59 -CLASS_METHOD : com.bootdo.system.controller.LoginController.main
2019-02-08 12:22:59 - : []
2019-02-08 12:22:59 - : 0
2019-02-08 12:22:59 - : main
2019-02-08 12:24:45 -==>  Preparing: select distinct m.perms from sys_menu m left join sys_role_menu rm on m.menu_id = rm.menu_id left join sys_user_role ur on rm.role_id = ur.role_id where ur.user_id = ? 
2019-02-08 12:24:45 -==> Parameters: 1(Long)
2019-02-08 12:24:45 -<==      Total: 47
2019-02-08 12:24:46 - : http://localhost/common/sysFile
2019-02-08 12:24:46 -HTTP METHOD : GET
2019-02-08 12:24:46 -CLASS_METHOD : com.bootdo.common.controller.FileController.sysFile
2019-02-08 12:24:46 - : [{}]
2019-02-08 12:24:46 - : 0
2019-02-08 12:24:46 - : common/file/file
2019-02-08 12:24:46 - : http://localhost/common/sysFile/list
2019-02-08 12:24:46 -HTTP METHOD : GET
2019-02-08 12:24:46 -CLASS_METHOD : com.bootdo.common.controller.FileController.list
2019-02-08 12:24:46 - : [{limit=12, offset=0, type=}]
2019-02-08 12:24:46 -==>  Preparing: select `id`,`type`,`url`,`create_date` from sys_file order by id desc limit ?, ? 
2019-02-08 12:24:46 -==> Parameters: 0(Integer), 12(Integer)
2019-02-08 12:24:46 -<==      Total: 9
2019-02-08 12:24:46 -==>  Preparing: select count(*) from sys_file 
2019-02-08 12:24:46 -==> Parameters: 
2019-02-08 12:24:46 -<==      Total: 1
2019-02-08 12:24:46 - : 16
2019-02-08 12:24:46 - : com.bootdo.common.utils.PageUtils@d725ca8
2019-02-08 12:24:48 - : http://localhost/common/dict
2019-02-08 12:24:48 -HTTP METHOD : GET
2019-02-08 12:24:48 -CLASS_METHOD : com.bootdo.common.controller.DictController.dict
2019-02-08 12:24:48 - : []
2019-02-08 12:24:48 - : 0
2019-02-08 12:24:48 - : common/dict/dict
2019-02-08 12:24:48 - : http://localhost/common/dict/type
2019-02-08 12:24:48 -HTTP METHOD : GET
2019-02-08 12:24:48 -CLASS_METHOD : com.bootdo.common.controller.DictController.listType
2019-02-08 12:24:48 - : []
2019-02-08 12:24:48 -==>  Preparing: select distinct `type` , description from sys_dict 
2019-02-08 12:24:48 -==> Parameters: 
2019-02-08 12:24:48 -<==      Total: 31
2019-02-08 12:24:48 - : 27
2019-02-08 12:24:48 - : [DictDO{id=null, name='null', value='null', type='del_flag', description='', sort=null, parentId=null, createBy=null, createDate=null, updateBy=null, updateDate=null, remarks='null', delFlag='null'}, DictDO{id=null, name='null', value='null', type='show_hide', description='/', sort=null, parentId=null, createBy=null, createDate=null, updateBy=null, updateDate=null, remarks='null', delFlag='null'}, DictDO{id=null, name='null', value='null', type='yes_no', description='/', sort=null, parentId=null, createBy=null, createDate=null, updateBy=null, updateDate=null, remarks='null', delFlag='null'}, DictDO{id=null, name='null', value='null', type='color', description='', sort=null, parentId=null, createBy=null, createDate=null, updateBy=null, updateDate=null, remarks='null', delFlag='null'}, DictDO{id=null, name='null', value='null', type='theme', description='', sort=null, parentId=null, createBy=null, createDate=null, updateBy=null, updateDate=null, remarks='null', delFlag='null'}, DictDO{id=null, name='null', value='null', type='sys_area_type', description='', sort=null, parentId=null, createBy=null, createDate=null, updateBy=null, updateDate=null, remarks='null', delFlag='null'}, DictDO{id=null, name='null', value='null', type='sys_office_type', description='', sort=null, parentId=null, createBy=null, createDate=null, updateBy=null, updateDate=null, remarks='null', delFlag='null'}, DictDO{id=null, name='null', value='null', type='sys_office_common', description='', sort=null, parentId=null, createBy=null, createDate=null, updateBy=null, updateDate=null, remarks='null', delFlag='null'}, DictDO{id=null, name='null', value='null', type='sys_office_grade', description='', sort=null, parentId=null, createBy=null, createDate=null, updateBy=null, updateDate=null, remarks='null', delFlag='null'}, DictDO{id=null, name='null', value='null', type='sys_data_scope', description='', sort=null, parentId=null, createBy=null, createDate=null, updateBy=null, updateDate=null, remarks='null', delFlag='null'}, DictDO{id=null, name='null', value='null', type='sys_user_type', description='', sort=null, parentId=null, createBy=null, createDate=null, updateBy=null, updateDate=null, remarks='null', delFlag='null'}, DictDO{id=null, name='null', value='null', type='cms_theme', description='', sort=null, parentId=null, createBy=null, createDate=null, updateBy=null, updateDate=null, remarks='null', delFlag='null'}, DictDO{id=null, name='null', value='null', type='cms_module', description='', sort=null, parentId=null, createBy=null, createDate=null, updateBy=null, updateDate=null, remarks='null', delFlag='null'}, DictDO{id=null, name='null', value='null', type='cms_show_modes', description='', sort=null, parentId=null, createBy=null, createDate=null, updateBy=null, updateDate=null, remarks='null', delFlag='null'}, DictDO{id=null, name='null', value='null', type='cms_del_flag', description='', sort=null, parentId=null, createBy=null, createDate=null, updateBy=null, updateDate=null, remarks='null', delFlag='null'}, DictDO{id=null, name='null', value='null', type='cms_posid', description='', sort=null, parentId=null, createBy=null, createDate=null, updateBy=null, updateDate=null, remarks='null', delFlag='null'}, DictDO{id=null, name='null', value='null', type='cms_guestbook', description='', sort=null, parentId=null, createBy=null, createDate=null, updateBy=null, updateDate=null, remarks='null', delFlag='null'}, DictDO{id=null, name='null', value='null', type='oa_leave_type', description='', sort=null, parentId=null, createBy=null, createDate=null, updateBy=null, updateDate=null, remarks='null', delFlag='null'}, DictDO{id=null, name='null', value='null', type='sys_log_type', description='', sort=null, parentId=null, createBy=null, createDate=null, updateBy=null, updateDate=null, remarks='null', delFlag='null'}, DictDO{id=null, name='null', value='null', type='act_type', description='', sort=null, parentId=null, createBy=null, createDate=null, updateBy=null, updateDate=null, remarks='null', delFlag='null'}, DictDO{id=null, name='null', value='null', type='act_category', description='', sort=null, parentId=null, createBy=null, createDate=null, updateBy=null, updateDate=null, remarks='null', delFlag='null'}, DictDO{id=null, name='null', value='null', type='gen_category', description='', sort=null, parentId=null, createBy=null, createDate=null, updateBy=null, updateDate=null, remarks='null', delFlag='null'}, DictDO{id=null, name='null', value='null', type='gen_query_type', description='', sort=null, parentId=null, createBy=null, createDate=null, updateBy=null, updateDate=null, remarks='null', delFlag='null'}, DictDO{id=null, name='null', value='null', type='gen_show_type', description='', sort=null, parentId=null, createBy=null, createDate=null, updateBy=null, updateDate=null, remarks='null', delFlag='null'}, DictDO{id=null, name='null', value='null', type='gen_java_type', description='Java', sort=null, parentId=null, createBy=null, createDate=null, updateBy=null, updateDate=null, remarks='null', delFlag='null'}, DictDO{id=null, name='null', value='null', type='sex', description='', sort=null, parentId=null, createBy=null, createDate=null, updateBy=null, updateDate=null, remarks='null', delFlag='null'}, DictDO{id=null, name='null', value='null', type='oa_notify_type', description='', sort=null, parentId=null, createBy=null, createDate=null, updateBy=null, updateDate=null, remarks='null', delFlag='null'}, DictDO{id=null, name='null', value='null', type='oa_notify_status', description='', sort=null, parentId=null, createBy=null, createDate=null, updateBy=null, updateDate=null, remarks='null', delFlag='null'}, DictDO{id=null, name='null', value='null', type='oa_notify_read', description='', sort=null, parentId=null, createBy=null, createDate=null, updateBy=null, updateDate=null, remarks='null', delFlag='null'}, DictDO{id=null, name='null', value='null', type='blog_type', description='', sort=null, parentId=null, createBy=null, createDate=null, updateBy=null, updateDate=null, remarks='null', delFlag='null'}, DictDO{id=null, name='null', value='null', type='hobby', description='', sort=null, parentId=null, createBy=null, createDate=null, updateBy=null, updateDate=null, remarks='null', delFlag='null'}]
2019-02-08 12:24:48 - : http://localhost/common/dict/list
2019-02-08 12:24:48 -HTTP METHOD : GET
2019-02-08 12:24:48 -CLASS_METHOD : com.bootdo.common.controller.DictController.list
2019-02-08 12:24:48 - : [{limit=10, offset=0}]
2019-02-08 12:24:48 -==>  Preparing: select `id`,`name`,`value`,`type`,`description`,`sort`,`parent_id`,`create_by`,`create_date`,`update_by`,`update_date`,`remarks`,`del_flag` from sys_dict order by id desc limit ?, ? 
2019-02-08 12:24:48 -==> Parameters: 0(Integer), 10(Integer)
2019-02-08 12:24:48 -<==      Total: 10
2019-02-08 12:24:48 -==>  Preparing: select count(*) from sys_dict 
2019-02-08 12:24:48 -==> Parameters: 
2019-02-08 12:24:48 -<==      Total: 1
2019-02-08 12:24:48 - : 12
2019-02-08 12:24:48 - : com.bootdo.common.utils.PageUtils@20fba410
2019-02-08 12:24:54 - : http://localhost/common/dict/add
2019-02-08 12:24:54 -HTTP METHOD : GET
2019-02-08 12:24:54 -CLASS_METHOD : com.bootdo.common.controller.DictController.add
2019-02-08 12:24:54 - : []
2019-02-08 12:24:54 - : 0
2019-02-08 12:24:54 - : common/dict/add
2019-02-08 12:25:15 - : http://localhost/sys/user/
2019-02-08 12:25:15 -HTTP METHOD : GET
2019-02-08 12:25:15 -CLASS_METHOD : com.bootdo.system.controller.UserController.user
2019-02-08 12:25:15 - : [{}]
2019-02-08 12:25:15 - : 0
2019-02-08 12:25:15 - : system/user/user
2019-02-08 12:25:15 - : http://localhost/system/sysDept/tree
2019-02-08 12:25:15 -HTTP METHOD : GET
2019-02-08 12:25:15 -CLASS_METHOD : com.bootdo.system.controller.DeptController.tree
2019-02-08 12:25:15 - : []
2019-02-08 12:25:15 -==>  Preparing: select `dept_id`,`parent_id`,`name`,`order_num`,`del_flag` from sys_dept order by dept_id desc 
2019-02-08 12:25:15 -==> Parameters: 
2019-02-08 12:25:15 -<==      Total: 10
2019-02-08 12:25:15 - : 15
2019-02-08 12:25:15 - : {"checked":true,"children":[{"checked":false,"children":[{"checked":false,"children":[],"hasChildren":false,"hasParent":true,"id":"15","parentId":"13","state":{"opened":true},"text":""},{"checked":false,"children":[],"hasChildren":false,"hasParent":true,"id":"14","parentId":"13","state":{"opened":true},"text":""}],"hasChildren":true,"hasParent":false,"id":"13","parentId":"0","state":{"opened":true},"text":""},{"checked":false,"children":[{"checked":false,"children":[],"hasChildren":false,"hasParent":true,"id":"12","parentId":"11","state":{"opened":true},"text":""}],"hasChildren":true,"hasParent":false,"id":"11","parentId":"0","state":{"opened":true},"text":""},{"checked":false,"children":[{"checked":false,"children":[],"hasChildren":false,"hasParent":true,"id":"10","parentId":"9","state":{"opened":true},"text":""}],"hasChildren":true,"hasParent":false,"id":"9","parentId":"0","state":{"opened":true},"text":""},{"checked":false,"children":[{"checked":false,"children":[],"hasChildren":false,"hasParent":true,"id":"8","parentId":"6","state":{"opened":true},"text":""},{"checked":false,"children":[],"hasChildren":false,"hasParent":true,"id":"7","parentId":"6","state":{"opened":true},"text":""}],"hasChildren":true,"hasParent":false,"id":"6","parentId":"0","state":{"opened":true},"text":""}],"hasChildren":true,"hasParent":false,"id":"-1","parentId":"","state":{"opened":true},"text":""}
2019-02-08 12:25:15 - : http://localhost/sys/user/list
2019-02-08 12:25:15 -HTTP METHOD : GET
2019-02-08 12:25:15 -CLASS_METHOD : com.bootdo.system.controller.UserController.list
2019-02-08 12:25:15 - : [{limit=10, offset=0, name=, deptId=}]
2019-02-08 12:25:15 -==>  Preparing: select `user_id`,`username`,`name`,`password`,`dept_id`,`email`,`mobile`,`status`,`user_id_create`,`gmt_create`,`gmt_modified`,`sex`,`birth`,`pic_id`,`live_address`,`hobby`,`province`,`city`,`district` from sys_user order by user_id desc limit ?, ? 
2019-02-08 12:25:15 -==> Parameters: 0(Integer), 10(Integer)
2019-02-08 12:25:15 -<==      Total: 10
2019-02-08 12:25:15 -==>  Preparing: select count(*) from sys_user 
2019-02-08 12:25:15 -==> Parameters: 
2019-02-08 12:25:15 -<==      Total: 1
2019-02-08 12:25:15 - : 15
2019-02-08 12:25:15 - : com.bootdo.common.utils.PageUtils@1b4e87da
2019-02-08 12:25:20 - : http://localhost/sys/user/list
2019-02-08 12:25:20 -HTTP METHOD : GET
2019-02-08 12:25:20 -CLASS_METHOD : com.bootdo.system.controller.UserController.list
2019-02-08 12:25:20 - : [{limit=10, offset=0, name=, deptId=15}]
2019-02-08 12:25:20 -==>  Preparing: select `dept_id`,`parent_id`,`name`,`order_num`,`del_flag` from sys_dept order by dept_id desc 
2019-02-08 12:25:20 -==> Parameters: 
2019-02-08 12:25:20 -<==      Total: 10
2019-02-08 12:25:20 -==>  Preparing: select `user_id`,`username`,`name`,`password`,`dept_id`,`email`,`mobile`,`status`,`user_id_create`,`gmt_create`,`gmt_modified`,`sex`,`birth`,`pic_id`,`live_address`,`hobby`,`province`,`city`,`district` from sys_user WHERE dept_id in ( ? ) order by user_id desc limit ?, ? 
2019-02-08 12:25:20 -==> Parameters: 15(Long), 0(Integer), 10(Integer)
2019-02-08 12:25:20 -<==      Total: 0
2019-02-08 12:25:20 -==>  Preparing: select count(*) from sys_user 
2019-02-08 12:25:20 -==> Parameters: 
2019-02-08 12:25:20 -<==      Total: 1
2019-02-08 12:25:20 - : 15
2019-02-08 12:25:20 - : com.bootdo.common.utils.PageUtils@398ef33e
2019-02-08 12:25:21 - : http://localhost/sys/user/list
2019-02-08 12:25:21 -HTTP METHOD : GET
2019-02-08 12:25:21 -CLASS_METHOD : com.bootdo.system.controller.UserController.list
2019-02-08 12:25:21 - : [{limit=10, offset=0, name=, deptId=14}]
2019-02-08 12:25:21 -==>  Preparing: select `dept_id`,`parent_id`,`name`,`order_num`,`del_flag` from sys_dept order by dept_id desc 
2019-02-08 12:25:21 -==> Parameters: 
2019-02-08 12:25:21 -<==      Total: 10
2019-02-08 12:25:21 -==>  Preparing: select `user_id`,`username`,`name`,`password`,`dept_id`,`email`,`mobile`,`status`,`user_id_create`,`gmt_create`,`gmt_modified`,`sex`,`birth`,`pic_id`,`live_address`,`hobby`,`province`,`city`,`district` from sys_user WHERE dept_id in ( ? ) order by user_id desc limit ?, ? 
2019-02-08 12:25:21 -==> Parameters: 14(Long), 0(Integer), 10(Integer)
2019-02-08 12:25:21 -<==      Total: 0
2019-02-08 12:25:21 -==>  Preparing: select count(*) from sys_user 
2019-02-08 12:25:21 -==> Parameters: 
2019-02-08 12:25:21 -<==      Total: 1
2019-02-08 12:25:21 - : 0
2019-02-08 12:25:21 - : com.bootdo.common.utils.PageUtils@365608ca
2019-02-08 12:25:22 - : http://localhost/sys/user/list
2019-02-08 12:25:22 -HTTP METHOD : GET
2019-02-08 12:25:22 -CLASS_METHOD : com.bootdo.system.controller.UserController.list
2019-02-08 12:25:22 - : [{limit=10, offset=0, name=, deptId=12}]
2019-02-08 12:25:22 -==>  Preparing: select `dept_id`,`parent_id`,`name`,`order_num`,`del_flag` from sys_dept order by dept_id desc 
2019-02-08 12:25:22 -==> Parameters: 
2019-02-08 12:25:22 -<==      Total: 10
2019-02-08 12:25:22 -==>  Preparing: select `user_id`,`username`,`name`,`password`,`dept_id`,`email`,`mobile`,`status`,`user_id_create`,`gmt_create`,`gmt_modified`,`sex`,`birth`,`pic_id`,`live_address`,`hobby`,`province`,`city`,`district` from sys_user WHERE dept_id in ( ? ) order by user_id desc limit ?, ? 
2019-02-08 12:25:22 -==> Parameters: 12(Long), 0(Integer), 10(Integer)
2019-02-08 12:25:22 -<==      Total: 0
2019-02-08 12:25:22 -==>  Preparing: select count(*) from sys_user 
2019-02-08 12:25:22 -==> Parameters: 
2019-02-08 12:25:22 -<==      Total: 1
2019-02-08 12:25:22 - : 15
2019-02-08 12:25:22 - : com.bootdo.common.utils.PageUtils@3dc0cc0c
2019-02-08 12:25:23 - : http://localhost/sys/user/list
2019-02-08 12:25:23 -HTTP METHOD : GET
2019-02-08 12:25:23 -CLASS_METHOD : com.bootdo.system.controller.UserController.list
2019-02-08 12:25:23 - : [{limit=10, offset=0, name=, deptId=10}]
2019-02-08 12:25:23 -==>  Preparing: select `dept_id`,`parent_id`,`name`,`order_num`,`del_flag` from sys_dept order by dept_id desc 
2019-02-08 12:25:23 -==> Parameters: 
2019-02-08 12:25:23 -<==      Total: 10
2019-02-08 12:25:23 -==>  Preparing: select `user_id`,`username`,`name`,`password`,`dept_id`,`email`,`mobile`,`status`,`user_id_create`,`gmt_create`,`gmt_modified`,`sex`,`birth`,`pic_id`,`live_address`,`hobby`,`province`,`city`,`district` from sys_user WHERE dept_id in ( ? ) order by user_id desc limit ?, ? 
2019-02-08 12:25:23 -==> Parameters: 10(Long), 0(Integer), 10(Integer)
2019-02-08 12:25:23 -<==      Total: 0
2019-02-08 12:25:23 -==>  Preparing: select count(*) from sys_user 
2019-02-08 12:25:23 -==> Parameters: 
2019-02-08 12:25:23 -<==      Total: 1
2019-02-08 12:25:23 - : 16
2019-02-08 12:25:23 - : com.bootdo.common.utils.PageUtils@17aa65b8
2019-02-08 12:25:23 - : http://localhost/sys/user/list
2019-02-08 12:25:23 -HTTP METHOD : GET
2019-02-08 12:25:23 -CLASS_METHOD : com.bootdo.system.controller.UserController.list
2019-02-08 12:25:23 - : [{limit=10, offset=0, name=, deptId=8}]
2019-02-08 12:25:23 -==>  Preparing: select `dept_id`,`parent_id`,`name`,`order_num`,`del_flag` from sys_dept order by dept_id desc 
2019-02-08 12:25:23 -==> Parameters: 
2019-02-08 12:25:23 -<==      Total: 10
2019-02-08 12:25:23 -==>  Preparing: select `user_id`,`username`,`name`,`password`,`dept_id`,`email`,`mobile`,`status`,`user_id_create`,`gmt_create`,`gmt_modified`,`sex`,`birth`,`pic_id`,`live_address`,`hobby`,`province`,`city`,`district` from sys_user WHERE dept_id in ( ? ) order by user_id desc limit ?, ? 
2019-02-08 12:25:23 -==> Parameters: 8(Long), 0(Integer), 10(Integer)
2019-02-08 12:25:23 -<==      Total: 1
2019-02-08 12:25:23 -==>  Preparing: select count(*) from sys_user 
2019-02-08 12:25:23 -==> Parameters: 
2019-02-08 12:25:23 -<==      Total: 1
2019-02-08 12:25:23 - : 0
2019-02-08 12:25:23 - : com.bootdo.common.utils.PageUtils@3654c174
2019-02-08 12:25:24 - : http://localhost/sys/user/list
2019-02-08 12:25:24 -HTTP METHOD : GET
2019-02-08 12:25:24 -CLASS_METHOD : com.bootdo.system.controller.UserController.list
2019-02-08 12:25:24 - : [{limit=10, offset=0, name=, deptId=7}]
2019-02-08 12:25:24 -==>  Preparing: select `dept_id`,`parent_id`,`name`,`order_num`,`del_flag` from sys_dept order by dept_id desc 
2019-02-08 12:25:24 -==> Parameters: 
2019-02-08 12:25:24 -<==      Total: 10
2019-02-08 12:25:24 -==>  Preparing: select `user_id`,`username`,`name`,`password`,`dept_id`,`email`,`mobile`,`status`,`user_id_create`,`gmt_create`,`gmt_modified`,`sex`,`birth`,`pic_id`,`live_address`,`hobby`,`province`,`city`,`district` from sys_user WHERE dept_id in ( ? ) order by user_id desc limit ?, ? 
2019-02-08 12:25:24 -==> Parameters: 7(Long), 0(Integer), 10(Integer)
2019-02-08 12:25:24 -<==      Total: 1
2019-02-08 12:25:24 -==>  Preparing: select count(*) from sys_user 
2019-02-08 12:25:24 -==> Parameters: 
2019-02-08 12:25:24 -<==      Total: 1
2019-02-08 12:25:24 - : 0
2019-02-08 12:25:24 - : com.bootdo.common.utils.PageUtils@5690358c
2019-02-08 12:26:03 - : http://localhost/common/dict/list
2019-02-08 12:26:03 -HTTP METHOD : GET
2019-02-08 12:26:03 -CLASS_METHOD : com.bootdo.common.controller.DictController.list
2019-02-08 12:26:03 - : [{limit=10, offset=0, type=hobby}]
2019-02-08 12:26:03 -==>  Preparing: select `id`,`name`,`value`,`type`,`description`,`sort`,`parent_id`,`create_by`,`create_date`,`update_by`,`update_date`,`remarks`,`del_flag` from sys_dict WHERE type = ? order by id desc limit ?, ? 
2019-02-08 12:26:03 -==> Parameters: hobby(String), 0(Integer), 10(Integer)
2019-02-08 12:26:03 -<==      Total: 2
2019-02-08 12:26:03 -==>  Preparing: select count(*) from sys_dict WHERE type = ? 
2019-02-08 12:26:03 -==> Parameters: hobby(String)
2019-02-08 12:26:03 -<==      Total: 1
2019-02-08 12:26:03 - : 0
2019-02-08 12:26:03 - : com.bootdo.common.utils.PageUtils@56094196
2019-02-08 12:26:09 - : http://localhost/common/dict/list
2019-02-08 12:26:09 -HTTP METHOD : GET
2019-02-08 12:26:09 -CLASS_METHOD : com.bootdo.common.controller.DictController.list
2019-02-08 12:26:09 - : [{limit=10, offset=0, type=gen_show_type}]
2019-02-08 12:26:09 -==>  Preparing: select `id`,`name`,`value`,`type`,`description`,`sort`,`parent_id`,`create_by`,`create_date`,`update_by`,`update_date`,`remarks`,`del_flag` from sys_dict WHERE type = ? order by id desc limit ?, ? 
2019-02-08 12:26:09 -==> Parameters: gen_show_type(String), 0(Integer), 10(Integer)
2019-02-08 12:26:09 -<==      Total: 9
2019-02-08 12:26:09 -==>  Preparing: select count(*) from sys_dict WHERE type = ? 
2019-02-08 12:26:09 -==> Parameters: gen_show_type(String)
2019-02-08 12:26:09 -<==      Total: 1
2019-02-08 12:26:09 - : 15
2019-02-08 12:26:09 - : com.bootdo.common.utils.PageUtils@7a4a0f5e
2019-02-08 12:26:27 - : http://localhost/common/dict/list
2019-02-08 12:26:27 -HTTP METHOD : GET
2019-02-08 12:26:27 -CLASS_METHOD : com.bootdo.common.controller.DictController.list
2019-02-08 12:26:27 - : [{limit=10, offset=0, type=blog_type}]
2019-02-08 12:26:27 -==>  Preparing: select `id`,`name`,`value`,`type`,`description`,`sort`,`parent_id`,`create_by`,`create_date`,`update_by`,`update_date`,`remarks`,`del_flag` from sys_dict WHERE type = ? order by id desc limit ?, ? 
2019-02-08 12:26:27 -==> Parameters: blog_type(String), 0(Integer), 10(Integer)
2019-02-08 12:26:27 -<==      Total: 3
2019-02-08 12:26:27 -==>  Preparing: select count(*) from sys_dict WHERE type = ? 
2019-02-08 12:26:27 -==> Parameters: blog_type(String)
2019-02-08 12:26:27 -<==      Total: 1
2019-02-08 12:26:27 - : 0
2019-02-08 12:26:27 - : com.bootdo.common.utils.PageUtils@3b2efe11
2019-02-08 12:26:32 - : http://localhost/common/dict/list
2019-02-08 12:26:32 -HTTP METHOD : GET
2019-02-08 12:26:32 -CLASS_METHOD : com.bootdo.common.controller.DictController.list
2019-02-08 12:26:32 - : [{limit=10, offset=0, type=gen_show_type}]
2019-02-08 12:26:32 -==>  Preparing: select `id`,`name`,`value`,`type`,`description`,`sort`,`parent_id`,`create_by`,`create_date`,`update_by`,`update_date`,`remarks`,`del_flag` from sys_dict WHERE type = ? order by id desc limit ?, ? 
2019-02-08 12:26:32 -==> Parameters: gen_show_type(String), 0(Integer), 10(Integer)
2019-02-08 12:26:32 -<==      Total: 9
2019-02-08 12:26:32 -==>  Preparing: select count(*) from sys_dict WHERE type = ? 
2019-02-08 12:26:32 -==> Parameters: gen_show_type(String)
2019-02-08 12:26:32 -<==      Total: 1
2019-02-08 12:26:32 - : 16
2019-02-08 12:26:32 - : com.bootdo.common.utils.PageUtils@89a8db0
2019-02-08 12:48:18 -WebSocketSession[1 current WS(1)-HttpStream(0)-HttpPoll(0), 1 total, 0 closed abnormally (0 connect failure, 0 send limit, 0 transport error)], stompSubProtocol[processed CONNECT(1)-CONNECTED(1)-DISCONNECT(0)], stompBrokerRelay[null], inboundChannel[pool size = 0, active threads = 0, queued tasks = 0, completed tasks = 9], outboundChannelpool size = 0, active threads = 0, queued tasks = 0, completed tasks = 1], sockJsScheduler[pool size = 8, active threads = 1, queued tasks = 2, completed tasks = 373]
2019-02-08 13:18:18 -WebSocketSession[1 current WS(1)-HttpStream(0)-HttpPoll(0), 1 total, 0 closed abnormally (0 connect failure, 0 send limit, 0 transport error)], stompSubProtocol[processed CONNECT(1)-CONNECTED(1)-DISCONNECT(0)], stompBrokerRelay[null], inboundChannel[pool size = 0, active threads = 0, queued tasks = 0, completed tasks = 9], outboundChannelpool size = 0, active threads = 0, queued tasks = 0, completed tasks = 1], sockJsScheduler[pool size = 8, active threads = 1, queued tasks = 2, completed tasks = 806]
2019-02-08 13:19:19 -Validating all active sessions...
2019-02-08 13:19:19 -Finished session validation.  [2] sessions were stopped.
2019-02-08 13:48:12 -WebSocketSession[1 current WS(1)-HttpStream(0)-HttpPoll(0), 1 total, 0 closed abnormally (0 connect failure, 0 send limit, 0 transport error)], stompSubProtocol[processed CONNECT(1)-CONNECTED(1)-DISCONNECT(0)], stompBrokerRelay[null], inboundChannel[pool size = 0, active threads = 0, queued tasks = 0, completed tasks = 9], outboundChannelpool size = 0, active threads = 0, queued tasks = 0, completed tasks = 1], sockJsScheduler[pool size = 8, active threads = 1, queued tasks = 2, completed tasks = 1239]
2019-02-08 14:18:12 -WebSocketSession[1 current WS(1)-HttpStream(0)-HttpPoll(0), 1 total, 0 closed abnormally (0 connect failure, 0 send limit, 0 transport error)], stompSubProtocol[processed CONNECT(1)-CONNECTED(1)-DISCONNECT(0)], stompBrokerRelay[null], inboundChannel[pool size = 0, active threads = 0, queued tasks = 0, completed tasks = 9], outboundChannelpool size = 0, active threads = 0, queued tasks = 0, completed tasks = 1], sockJsScheduler[pool size = 8, active threads = 1, queued tasks = 2, completed tasks = 1672]
2019-02-08 14:19:12 -Validating all active sessions...
2019-02-08 14:19:12 -Finished session validation.  No sessions were stopped.
2019-02-08 14:48:12 -WebSocketSession[1 current WS(1)-HttpStream(0)-HttpPoll(0), 1 total, 0 closed abnormally (0 connect failure, 0 send limit, 0 transport error)], stompSubProtocol[processed CONNECT(1)-CONNECTED(1)-DISCONNECT(0)], stompBrokerRelay[null], inboundChannel[pool size = 0, active threads = 0, queued tasks = 0, completed tasks = 9], outboundChannelpool size = 0, active threads = 0, queued tasks = 0, completed tasks = 1], sockJsScheduler[pool size = 8, active threads = 1, queued tasks = 2, completed tasks = 2105]
2019-02-08 15:18:12 -WebSocketSession[1 current WS(1)-HttpStream(0)-HttpPoll(0), 1 total, 0 closed abnormally (0 connect failure, 0 send limit, 0 transport error)], stompSubProtocol[processed CONNECT(1)-CONNECTED(1)-DISCONNECT(0)], stompBrokerRelay[null], inboundChannel[pool size = 0, active threads = 0, queued tasks = 0, completed tasks = 9], outboundChannelpool size = 0, active threads = 0, queued tasks = 0, completed tasks = 1], sockJsScheduler[pool size = 8, active threads = 1, queued tasks = 2, completed tasks = 2538]
2019-02-08 15:19:12 -Validating all active sessions...
2019-02-08 15:19:12 -Finished session validation.  No sessions were stopped.
2019-02-08 15:48:12 -WebSocketSession[1 current WS(1)-HttpStream(0)-HttpPoll(0), 1 total, 0 closed abnormally (0 connect failure, 0 send limit, 0 transport error)], stompSubProtocol[processed CONNECT(1)-CONNECTED(1)-DISCONNECT(0)], stompBrokerRelay[null], inboundChannel[pool size = 0, active threads = 0, queued tasks = 0, completed tasks = 9], outboundChannelpool size = 0, active threads = 0, queued tasks = 0, completed tasks = 1], sockJsScheduler[pool size = 8, active threads = 1, queued tasks = 2, completed tasks = 2971]
2019-02-08 16:18:12 -WebSocketSession[1 current WS(1)-HttpStream(0)-HttpPoll(0), 1 total, 0 closed abnormally (0 connect failure, 0 send limit, 0 transport error)], stompSubProtocol[processed CONNECT(1)-CONNECTED(1)-DISCONNECT(0)], stompBrokerRelay[null], inboundChannel[pool size = 0, active threads = 0, queued tasks = 0, completed tasks = 9], outboundChannelpool size = 0, active threads = 0, queued tasks = 0, completed tasks = 1], sockJsScheduler[pool size = 8, active threads = 1, queued tasks = 2, completed tasks = 3404]
2019-02-08 16:19:12 -Validating all active sessions...
2019-02-08 16:19:12 -Finished session validation.  No sessions were stopped.
2019-02-08 16:48:12 -WebSocketSession[1 current WS(1)-HttpStream(0)-HttpPoll(0), 1 total, 0 closed abnormally (0 connect failure, 0 send limit, 0 transport error)], stompSubProtocol[processed CONNECT(1)-CONNECTED(1)-DISCONNECT(0)], stompBrokerRelay[null], inboundChannel[pool size = 0, active threads = 0, queued tasks = 0, completed tasks = 9], outboundChannelpool size = 0, active threads = 0, queued tasks = 0, completed tasks = 1], sockJsScheduler[pool size = 8, active threads = 1, queued tasks = 2, completed tasks = 3837]
2019-02-08 17:18:12 -WebSocketSession[1 current WS(1)-HttpStream(0)-HttpPoll(0), 1 total, 0 closed abnormally (0 connect failure, 0 send limit, 0 transport error)], stompSubProtocol[processed CONNECT(1)-CONNECTED(1)-DISCONNECT(0)], stompBrokerRelay[null], inboundChannel[pool size = 0, active threads = 0, queued tasks = 0, completed tasks = 9], outboundChannelpool size = 0, active threads = 0, queued tasks = 0, completed tasks = 1], sockJsScheduler[pool size = 8, active threads = 1, queued tasks = 2, completed tasks = 4270]
2019-02-08 17:19:12 -Validating all active sessions...
2019-02-08 17:19:12 -Finished session validation.  No sessions were stopped.
2019-02-08 17:48:12 -WebSocketSession[1 current WS(1)-HttpStream(0)-HttpPoll(0), 1 total, 0 closed abnormally (0 connect failure, 0 send limit, 0 transport error)], stompSubProtocol[processed CONNECT(1)-CONNECTED(1)-DISCONNECT(0)], stompBrokerRelay[null], inboundChannel[pool size = 0, active threads = 0, queued tasks = 0, completed tasks = 9], outboundChannelpool size = 0, active threads = 0, queued tasks = 0, completed tasks = 1], sockJsScheduler[pool size = 8, active threads = 1, queued tasks = 2, completed tasks = 4703]
2019-02-08 18:18:12 -WebSocketSession[1 current WS(1)-HttpStream(0)-HttpPoll(0), 1 total, 0 closed abnormally (0 connect failure, 0 send limit, 0 transport error)], stompSubProtocol[processed CONNECT(1)-CONNECTED(1)-DISCONNECT(0)], stompBrokerRelay[null], inboundChannel[pool size = 0, active threads = 0, queued tasks = 0, completed tasks = 9], outboundChannelpool size = 0, active threads = 0, queued tasks = 0, completed tasks = 1], sockJsScheduler[pool size = 8, active threads = 1, queued tasks = 2, completed tasks = 5136]
2019-02-08 18:19:12 -Validating all active sessions...
2019-02-08 18:19:12 -Finished session validation.  No sessions were stopped.
2019-02-08 18:48:12 -WebSocketSession[1 current WS(1)-HttpStream(0)-HttpPoll(0), 1 total, 0 closed abnormally (0 connect failure, 0 send limit, 0 transport error)], stompSubProtocol[processed CONNECT(1)-CONNECTED(1)-DISCONNECT(0)], stompBrokerRelay[null], inboundChannel[pool size = 0, active threads = 0, queued tasks = 0, completed tasks = 9], outboundChannelpool size = 0, active threads = 0, queued tasks = 0, completed tasks = 1], sockJsScheduler[pool size = 8, active threads = 1, queued tasks = 2, completed tasks = 5569]
2019-02-08 19:18:12 -WebSocketSession[1 current WS(1)-HttpStream(0)-HttpPoll(0), 1 total, 0 closed abnormally (0 connect failure, 0 send limit, 0 transport error)], stompSubProtocol[processed CONNECT(1)-CONNECTED(1)-DISCONNECT(0)], stompBrokerRelay[null], inboundChannel[pool size = 0, active threads = 0, queued tasks = 0, completed tasks = 9], outboundChannelpool size = 0, active threads = 0, queued tasks = 0, completed tasks = 1], sockJsScheduler[pool size = 8, active threads = 1, queued tasks = 2, completed tasks = 6002]
2019-02-08 19:19:12 -Validating all active sessions...
2019-02-08 19:19:12 -Finished session validation.  No sessions were stopped.
2019-02-08 19:48:12 -WebSocketSession[1 current WS(1)-HttpStream(0)-HttpPoll(0), 1 total, 0 closed abnormally (0 connect failure, 0 send limit, 0 transport error)], stompSubProtocol[processed CONNECT(1)-CONNECTED(1)-DISCONNECT(0)], stompBrokerRelay[null], inboundChannel[pool size = 0, active threads = 0, queued tasks = 0, completed tasks = 9], outboundChannelpool size = 0, active threads = 0, queued tasks = 0, completed tasks = 1], sockJsScheduler[pool size = 8, active threads = 1, queued tasks = 2, completed tasks = 6435]
2019-02-08 20:18:12 -WebSocketSession[1 current WS(1)-HttpStream(0)-HttpPoll(0), 1 total, 0 closed abnormally (0 connect failure, 0 send limit, 0 transport error)], stompSubProtocol[processed CONNECT(1)-CONNECTED(1)-DISCONNECT(0)], stompBrokerRelay[null], inboundChannel[pool size = 0, active threads = 0, queued tasks = 0, completed tasks = 9], outboundChannelpool size = 0, active threads = 0, queued tasks = 0, completed tasks = 1], sockJsScheduler[pool size = 8, active threads = 1, queued tasks = 2, completed tasks = 6868]
2019-02-08 20:19:12 -Validating all active sessions...
2019-02-08 20:19:12 -Finished session validation.  No sessions were stopped.
2019-02-08 20:48:12 -WebSocketSession[1 current WS(1)-HttpStream(0)-HttpPoll(0), 1 total, 0 closed abnormally (0 connect failure, 0 send limit, 0 transport error)], stompSubProtocol[processed CONNECT(1)-CONNECTED(1)-DISCONNECT(0)], stompBrokerRelay[null], inboundChannel[pool size = 0, active threads = 0, queued tasks = 0, completed tasks = 9], outboundChannelpool size = 0, active threads = 0, queued tasks = 0, completed tasks = 1], sockJsScheduler[pool size = 8, active threads = 1, queued tasks = 2, completed tasks = 7301]
2019-02-08 21:18:12 -WebSocketSession[1 current WS(1)-HttpStream(0)-HttpPoll(0), 1 total, 0 closed abnormally (0 connect failure, 0 send limit, 0 transport error)], stompSubProtocol[processed CONNECT(1)-CONNECTED(1)-DISCONNECT(0)], stompBrokerRelay[null], inboundChannel[pool size = 0, active threads = 0, queued tasks = 0, completed tasks = 9], outboundChannelpool size = 0, active threads = 0, queued tasks = 0, completed tasks = 1], sockJsScheduler[pool size = 8, active threads = 1, queued tasks = 2, completed tasks = 7734]
2019-02-08 21:19:12 -Validating all active sessions...
2019-02-08 21:19:12 -Finished session validation.  No sessions were stopped.
2019-02-08 21:48:12 -WebSocketSession[1 current WS(1)-HttpStream(0)-HttpPoll(0), 1 total, 0 closed abnormally (0 connect failure, 0 send limit, 0 transport error)], stompSubProtocol[processed CONNECT(1)-CONNECTED(1)-DISCONNECT(0)], stompBrokerRelay[null], inboundChannel[pool size = 0, active threads = 0, queued tasks = 0, completed tasks = 9], outboundChannelpool size = 0, active threads = 0, queued tasks = 0, completed tasks = 1], sockJsScheduler[pool size = 8, active threads = 1, queued tasks = 2, completed tasks = 8167]
2019-02-08 22:18:12 -WebSocketSession[1 current WS(1)-HttpStream(0)-HttpPoll(0), 1 total, 0 closed abnormally (0 connect failure, 0 send limit, 0 transport error)], stompSubProtocol[processed CONNECT(1)-CONNECTED(1)-DISCONNECT(0)], stompBrokerRelay[null], inboundChannel[pool size = 0, active threads = 0, queued tasks = 0, completed tasks = 9], outboundChannelpool size = 0, active threads = 0, queued tasks = 0, completed tasks = 1], sockJsScheduler[pool size = 8, active threads = 1, queued tasks = 2, completed tasks = 8600]
2019-02-08 22:19:12 -Validating all active sessions...
2019-02-08 22:19:12 -Finished session validation.  No sessions were stopped.
2019-02-08 22:48:12 -WebSocketSession[1 current WS(1)-HttpStream(0)-HttpPoll(0), 1 total, 0 closed abnormally (0 connect failure, 0 send limit, 0 transport error)], stompSubProtocol[processed CONNECT(1)-CONNECTED(1)-DISCONNECT(0)], stompBrokerRelay[null], inboundChannel[pool size = 0, active threads = 0, queued tasks = 0, completed tasks = 9], outboundChannelpool size = 0, active threads = 0, queued tasks = 0, completed tasks = 1], sockJsScheduler[pool size = 8, active threads = 1, queued tasks = 2, completed tasks = 9033]
2019-02-08 23:18:12 -WebSocketSession[1 current WS(1)-HttpStream(0)-HttpPoll(0), 1 total, 0 closed abnormally (0 connect failure, 0 send limit, 0 transport error)], stompSubProtocol[processed CONNECT(1)-CONNECTED(1)-DISCONNECT(0)], stompBrokerRelay[null], inboundChannel[pool size = 0, active threads = 0, queued tasks = 0, completed tasks = 9], outboundChannelpool size = 0, active threads = 0, queued tasks = 0, completed tasks = 1], sockJsScheduler[pool size = 8, active threads = 1, queued tasks = 2, completed tasks = 9466]
2019-02-08 23:19:12 -Validating all active sessions...
2019-02-08 23:19:12 -Finished session validation.  No sessions were stopped.
